[ppo] BC warm-start: collecting expert demos ...
[bc] epoch  0 mse=0.0056
[bc] epoch  5 mse=0.0012
[bc] epoch 10 mse=0.0008
[bc] epoch 15 mse=0.0005
[bc] epoch 19 mse=0.0004
[ppo] BC warm-start applied (90361 samples)
[bc] baseline stage 0 success=55% gates=55% reward=15.2
[bc] baseline stage 1 success=50% gates=50% reward=15.1
[ppo] === stage 0 (1 gates) x 300000 steps (attempt 0) ===
[ppo] stage 0 success=100% gates=100% reward=55.8 lap=0.9s
[diag] stage 0 max_step_progress=0.180m (cap=0.140m, binds 16.7% of steps) mean|action|=1.557 mean|omega|=3.661rad/s
[ppo] === stage 1 (1 gates) x 300000 steps (attempt 0) ===
[ppo] stage 1 success=100% gates=100% reward=60.6 lap=1.1s
[diag] stage 1 max_step_progress=0.180m (cap=0.140m, binds 51.9% of steps) mean|action|=1.679 mean|omega|=4.361rad/s
[ppo] === stage 2 (2 gates) x 300000 steps (attempt 0) ===
[ppo] stage 2 success=100% gates=100% reward=88.3 lap=1.7s
[diag] stage 2 max_step_progress=0.180m (cap=0.140m, binds 59.8% of steps) mean|action|=1.706 mean|omega|=4.587rad/s
[ppo] === stage 3 (3 gates) x 300000 steps (attempt 0) ===
[ppo] stage 3 success=100% gates=100% reward=320.0 lap=9.4s
[diag] stage 3 max_step_progress=0.180m (cap=0.140m, binds 87.5% of steps) mean|action|=1.613 mean|omega|=4.081rad/s
[ppo] === stage 4 (4 gates) x 300000 steps (attempt 0) ===
[ppo] stage 4 success=100% gates=100% reward=474.9 lap=14.1s
[diag] stage 4 max_step_progress=0.180m (cap=0.140m, binds 93.6% of steps) mean|action|=1.634 mean|omega|=4.199rad/s
[ppo] === stage 5 (5 gates) x 300000 steps (attempt 0) ===
[ppo] stage 5 success=90% gates=96% reward=549.3 lap=17.0s
[diag] stage 5 max_step_progress=0.180m (cap=0.140m, binds 87.1% of steps) mean|action|=1.602 mean|omega|=4.114rad/s
[ppo] === stage 6 (6 gates) x 300000 steps (attempt 0) ===
[ppo] stage 6 success=100% gates=100% reward=659.4 lap=19.8s
[diag] stage 6 max_step_progress=0.180m (cap=0.140m, binds 85.4% of steps) mean|action|=1.583 mean|omega|=4.163rad/s
[ppo] saved SB3 model -> C:\Users\kunal\Desktop\sim-actual\rl\data\policy_ppo.zip
[ppo] exported standalone policy -> C:\Users\kunal\Desktop\sim-actual\rl\data\policy.pt
[ppo] export parity max_abs_action_diff=0.00000
