[diag 309043.17] ACTIVE_GATE_INDEX None -> 0  odom_pos=(-0.37, -0.18, -0.30) dist_to_new_gate=None
[diag 309043.18] armed=1 idx=0 pos=(-0.37, -0.18, -0.30) vel=(+0.69, +0.97, -1.40) yaw=+3.10 dist_active=None
[diag 309043.68] armed=1 idx=0 pos=(-1.28, -0.74, -0.87) vel=(+2.09, +1.54, -1.25) yaw=-3.12 dist_active=None
[diag 309044.18] armed=1 idx=0 pos=(-2.73, -1.50, -1.10) vel=(+3.46, +1.78, -1.40) yaw=-3.12 dist_active=None
[diag 309044.68] armed=1 idx=0 pos=(-5.00, -2.44, -1.21) vel=(+4.58, +1.44, -1.27) yaw=-3.12 dist_active=None
[diag 309045.18] armed=1 idx=0 pos=(-7.28, -3.09, -1.26) vel=(+4.81, +0.71, -0.55) yaw=-3.10 dist_active=None
[diag 309045.68] armed=1 idx=0 pos=(-9.69, -3.37, -1.29) vel=(+4.23, -0.21, +0.34) yaw=-3.07 dist_active=None
[diag 309046.18] armed=1 idx=0 pos=(-11.49, -3.13, -1.28) vel=(+3.06, -1.23, +0.81) yaw=-3.05 dist_active=None
[diag 309046.68] armed=1 idx=0 pos=(-12.88, -2.32, -1.27) vel=(+1.82, -2.09, +0.70) yaw=-3.04 dist_active=None
[diag 309047.18] armed=1 idx=0 pos=(-13.62, -1.26, -1.28) vel=(+0.89, -2.47, +0.25) yaw=-3.05 dist_active=None
[diag 309047.68] armed=1 idx=0 pos=(-14.09, -0.03, -1.30) vel=(+0.51, -2.26, -0.16) yaw=-3.05 dist_active=None
[diag 309048.18] armed=1 idx=0 pos=(-14.45, +0.88, -1.30) vel=(+0.77, -1.55, -0.34) yaw=-3.03 dist_active=None
[diag 309048.68] armed=1 idx=0 pos=(-15.12, +1.39, -1.28) vel=(+1.65, -0.48, -0.40) yaw=-3.01 dist_active=None
[diag 309049.18] armed=1 idx=0 pos=(-16.20, +1.24, -1.25) vel=(+2.92, +0.82, -0.36) yaw=-3.00 dist_active=None
[diag 309049.68] armed=1 idx=0 pos=(-17.96, +0.34, -1.24) vel=(+4.01, +1.96, -0.20) yaw=-3.02 dist_active=None
[diag 309050.18] armed=1 idx=0 pos=(-19.86, -0.96, -1.26) vel=(+4.35, +2.62, +0.16) yaw=-3.04 dist_active=None
[diag 309050.68] armed=1 idx=0 pos=(-21.86, -2.59, -1.29) vel=(+3.59, +2.76, +0.52) yaw=-3.05 dist_active=None
[diag 309051.18] armed=1 idx=0 pos=(-23.16, -3.93, -1.28) vel=(+2.05, +2.34, +0.36) yaw=-3.04 dist_active=None
[diag 309051.68] armed=1 idx=0 pos=(-23.71, -4.94, -1.23) vel=(+0.11, +1.20, -0.26) yaw=-3.03 dist_active=None
[diag 309052.19] armed=1 idx=0 pos=(-23.25, -5.10, -1.18) vel=(-1.93, -0.80, -0.20) yaw=-3.06 dist_active=None
[diag 309052.69] armed=1 idx=0 pos=(-21.88, -4.04, -1.16) vel=(-3.09, -3.15, +0.94) yaw=-3.13 dist_active=None
[diag 309053.19] armed=1 idx=0 pos=(-20.29, -2.00, -1.19) vel=(-3.27, -4.69, +1.35) yaw=+3.14 dist_active=None
[diag 309053.69] armed=1 idx=0 pos=(-18.84, +0.48, -1.25) vel=(-2.75, -5.26, +1.19) yaw=-3.13 dist_active=None
[diag 309054.19] armed=1 idx=0 pos=(-17.68, +3.29, -1.28) vel=(-1.58, -5.11, +0.54) yaw=-3.12 dist_active=None
[diag 309054.69] armed=1 idx=0 pos=(-17.35, +5.57, -1.26) vel=(+0.25, -4.28, -0.56) yaw=-3.11 dist_active=None
[diag 309055.19] armed=1 idx=0 pos=(-18.17, +7.49, -1.19) vel=(+2.50, -2.52, -2.05) yaw=-3.09 dist_active=None
[diag 309055.69] armed=1 idx=0 pos=(-20.31, +8.42, -1.14) vel=(+4.81, +0.21, -2.12) yaw=-3.13 dist_active=None
[diag 309056.19] armed=1 idx=0 pos=(-22.94, +8.18, -1.15) vel=(+5.63, +2.44, +0.24) yaw=+3.08 dist_active=None
[diag 309056.69] armed=1 idx=0 pos=(-25.81, +6.52, -1.16) vel=(+4.27, +4.13, +2.80) yaw=+3.02 dist_active=None
[diag 309057.19] armed=1 idx=0 pos=(-27.67, +4.03, -1.18) vel=(+1.80, +5.52, +2.87) yaw=+3.02 dist_active=None
[diag 309057.69] armed=1 idx=0 pos=(-28.37, +0.82, -1.17) vel=(-0.55, +6.12, +0.75) yaw=+3.08 dist_active=None
[diag 309058.19] armed=1 idx=0 pos=(-27.44, -2.03, -1.11) vel=(-3.10, +5.67, -2.29) yaw=-3.13 dist_active=None
[diag 309058.69] armed=1 idx=0 pos=(-24.65, -4.72, -1.11) vel=(-5.65, +3.91, -3.96) yaw=-3.13 dist_active=None
[diag 309059.19] armed=1 idx=0 pos=(-20.95, -6.56, -1.17) vel=(-7.15, +1.78, -3.49) yaw=-3.13 dist_active=None
[diag 309059.69] armed=1 idx=0 pos=(-17.16, -7.40, -1.23) vel=(-7.47, -0.10, -1.67) yaw=+3.14 dist_active=None
[diag 309060.19] armed=1 idx=0 pos=(-13.70, -7.15, -1.21) vel=(-6.77, -1.96, +0.88) yaw=+3.11 dist_active=None
[diag 309060.69] armed=1 idx=0 pos=(-10.42, -5.47, -1.19) vel=(-5.33, -3.91, +2.49) yaw=+3.10 dist_active=None
[diag 309061.19] armed=1 idx=0 pos=(-8.15, -3.06, -1.21) vel=(-3.59, -5.22, +2.54) yaw=+3.11 dist_active=None
[diag 309061.69] armed=1 idx=0 pos=(-6.61, -0.02, -1.24) vel=(-1.65, -5.67, +1.48) yaw=-3.14 dist_active=None
[diag 309062.19] armed=1 idx=0 pos=(-6.37, +2.83, -1.21) vel=(+0.85, -5.26, -0.60) yaw=-3.12 dist_active=None
[diag 309062.69] armed=1 idx=0 pos=(-7.79, +5.26, -1.12) vel=(+3.63, -3.59, -3.23) yaw=-3.12 dist_active=None
[diag 309063.19] armed=1 idx=0 pos=(-10.57, +6.77, -1.10) vel=(+6.14, -1.20, -3.68) yaw=-3.14 dist_active=None
[diag 309063.70] armed=1 idx=0 pos=(-14.41, +7.39, -1.17) vel=(+7.16, +0.89, -1.09) yaw=+3.09 dist_active=None
[diag 309064.20] armed=1 idx=0 pos=(-17.62, +6.89, -1.20) vel=(+5.86, +2.17, +1.89) yaw=+3.04 dist_active=None
[diag 309064.70] armed=1 idx=0 pos=(-20.28, +5.13, -1.18) vel=(+3.13, +3.85, +2.93) yaw=+3.04 dist_active=None
[diag 309065.20] armed=1 idx=0 pos=(-21.50, +2.82, -1.18) vel=(+1.00, +5.06, +1.71) yaw=+3.10 dist_active=None
[diag 309065.70] armed=1 idx=0 pos=(-21.48, -0.00, -1.19) vel=(-1.09, +5.36, -0.32) yaw=-3.12 dist_active=None
[diag 309066.20] armed=1 idx=0 pos=(-20.36, -2.38, -1.21) vel=(-2.94, +4.58, -1.52) yaw=-3.12 dist_active=None
[diag 309066.70] armed=1 idx=0 pos=(-18.35, -4.49, -1.25) vel=(-4.08, +3.08, -1.60) yaw=-3.12 dist_active=None
[diag 309067.20] armed=1 idx=0 pos=(-16.31, -5.67, -1.26) vel=(-4.25, +1.51, -0.75) yaw=-3.13 dist_active=None
[diag 309067.70] armed=1 idx=0 pos=(-14.27, -5.91, -1.22) vel=(-3.55, -0.50, +0.94) yaw=+3.13 dist_active=None
[diag 309068.20] armed=1 idx=0 pos=(-12.80, -4.85, -1.17) vel=(-2.09, -2.81, +2.17) yaw=+3.11 dist_active=None
[diag 309068.70] armed=1 idx=0 pos=(-12.12, -2.52, -1.16) vel=(-0.02, -4.93, +1.62) yaw=+3.11 dist_active=None
[diag 309069.20] armed=1 idx=0 pos=(-12.67, +0.16, -1.15) vel=(+2.16, -5.90, -0.39) yaw=-3.14 dist_active=None
[diag 309069.70] armed=1 idx=0 pos=(-14.74, +3.10, -1.13) vel=(+4.54, -5.58, -2.69) yaw=-3.12 dist_active=None
[diag 309070.20] armed=1 idx=0 pos=(-17.70, +5.48, -1.18) vel=(+6.30, -4.25, -2.98) yaw=-3.12 dist_active=None
[diag 309070.70] armed=1 idx=0 pos=(-21.17, +7.40, -1.25) vel=(+6.59, -2.66, -1.26) yaw=+3.14 dist_active=None
[diag 309071.20] armed=1 idx=0 pos=(-24.15, +8.44, -1.26) vel=(+5.06, -1.30, +0.92) yaw=+3.09 dist_active=None
[diag 309071.70] armed=1 idx=0 pos=(-26.19, +8.35, -1.12) vel=(+1.95, +0.75, +2.40) yaw=+3.02 dist_active=None
[diag 309072.20] armed=1 idx=0 pos=(-26.55, +6.63, -0.95) vel=(-1.53, +4.73, +1.93) yaw=+3.07 dist_active=None
[diag 309072.70] armed=1 idx=0 pos=(-24.71, +3.16, -0.89) vel=(-4.06, +8.40, -0.05) yaw=-3.09 dist_active=None
[diag 309073.20] armed=1 idx=0 pos=(-21.68, -0.65, -1.00) vel=(-5.63, +9.19, -1.49) yaw=-3.05 dist_active=None
[diag 309073.70] armed=1 idx=0 pos=(-17.91, -4.62, -1.16) vel=(-6.44, +8.39, -2.14) yaw=-3.04 dist_active=None
[diag 309074.21] armed=1 idx=0 pos=(-13.88, -8.32, -1.28) vel=(-6.57, +6.71, -2.03) yaw=-3.05 dist_active=None
[diag 309074.71] armed=1 idx=0 pos=(-10.47, -11.00, -1.32) vel=(-6.17, +4.82, -1.45) yaw=-3.08 dist_active=None
[diag 309075.21] armed=1 idx=0 pos=(-7.49, -12.81, -1.29) vel=(-5.26, +2.75, -0.34) yaw=-3.13 dist_active=None
[diag 309075.71] armed=1 idx=0 pos=(-5.18, -13.42, -1.19) vel=(-3.61, +0.44, +1.23) yaw=+3.12 dist_active=None
[diag 309076.21] armed=1 idx=0 pos=(-3.78, -12.43, -1.08) vel=(-1.25, -2.70, +2.70) yaw=+3.09 dist_active=None
[diag 309076.71] armed=1 idx=0 pos=(-3.70, -9.91, -1.03) vel=(+1.44, -5.90, +1.77) yaw=+3.09 dist_active=None
[diag 309077.21] armed=1 idx=0 pos=(-5.27, -6.47, -1.01) vel=(+3.78, -7.88, -0.75) yaw=-3.12 dist_active=None
[diag 309077.71] GATE TABLE — 6 gates
[diag 309077.71]   gate[0] pos=(-23.2979679107666, -0.39990234375, -0.03195800632238388) orient_wxyz=(0.7071067094802856, 0.0, -8.657315930804543e-08, 0.7071067690849304) w=2.7200000286102295 h=2.7200000286102295
[diag 309077.71]   gate[1] pos=(-46.89374923706055, -2.499990224838257, 5.068041801452637) orient_wxyz=(0.7071067094802856, 0.0, -8.657315930804543e-08, 0.7071067690849304) w=2.7200000286102295 h=2.7200000286102295
[diag 309077.71]   gate[2] pos=(-74.59375, 1.2000097036361694, 13.668041229248047) orient_wxyz=(0.7071067094802856, 0.0, -8.657315930804543e-08, 0.7071067690849304) w=2.7200000286102295 h=2.7200000286102295
[diag 309077.71]   gate[3] pos=(-111.49374389648438, -5.099989891052246, 24.56804084777832) orient_wxyz=(0.7071067094802856, 0.0, -8.657315930804543e-08, 0.7071067690849304) w=2.7200000286102295 h=2.7200000286102295
[diag 309077.71]   gate[4] pos=(-135.49374389648438, -0.7999902367591858, 25.355653762817383) orient_wxyz=(0.7071067094802856, 0.0, -8.657315930804543e-08, 0.7071067690849304) w=2.7200000286102295 h=2.7200000286102295
[diag 309077.71]   gate[5] pos=(-159.19374084472656, -4.399990081787109, 25.968040466308594) orient_wxyz=(0.7071067094802856, 0.0, -8.657315930804543e-08, 0.7071067690849304) w=2.7200000286102295 h=2.7200000286102295
[diag 309077.71] armed=0 idx=0 pos=(-8.08, -3.00, -1.07) vel=(+5.79, -7.93, -2.33) yaw=-3.09 dist_active=+15.48
[diag 309078.21] armed=1 idx=0 pos=(-0.10, -0.00, -0.12) vel=(+0.52, -0.00, -2.07) yaw=-3.13 dist_active=+23.20
[diag 309078.71] armed=1 idx=0 pos=(-1.12, -0.00, -0.77) vel=(+2.25, -0.03, -1.98) yaw=-3.12 dist_active=+22.20
[diag 309079.21] armed=1 idx=0 pos=(-2.95, -0.01, -1.05) vel=(+4.00, -0.03, -1.96) yaw=-3.12 dist_active=+20.37
[diag 309079.71] armed=1 idx=0 pos=(-5.45, -0.05, -1.18) vel=(+5.18, +0.02, -1.42) yaw=-3.12 dist_active=+17.89
[diag 309080.21] armed=1 idx=0 pos=(-8.17, -0.12, -1.26) vel=(+5.34, +0.10, -0.37) yaw=-3.12 dist_active=+15.19
[diag 309080.71] armed=1 idx=0 pos=(-10.66, -0.24, -1.30) vel=(+4.53, +0.19, +0.49) yaw=-3.12 dist_active=+12.70
[diag 309081.21] armed=1 idx=0 pos=(-12.64, -0.41, -1.29) vel=(+3.23, +0.28, +0.76) yaw=-3.12 dist_active=+10.74
[diag 309081.71] armed=1 idx=0 pos=(-13.94, -0.58, -1.28) vel=(+1.87, +0.30, +0.49) yaw=-3.12 dist_active=+9.44
[diag 309082.21] armed=1 idx=0 pos=(-14.59, -0.72, -1.27) vel=(+0.73, +0.20, +0.13) yaw=-3.12 dist_active=+8.80
[diag 309082.71] armed=1 idx=0 pos=(-14.76, -0.77, -1.28) vel=(+0.05, -0.00, -0.02) yaw=-3.12 dist_active=+8.64
[diag 309083.21] armed=1 idx=0 pos=(-14.75, -0.71, -1.30) vel=(+0.04, -0.25, -0.01) yaw=-3.12 dist_active=+8.64
[diag 309083.71] armed=1 idx=0 pos=(-14.93, -0.52, -1.29) vel=(+0.74, -0.50, -0.12) yaw=-3.12 dist_active=+8.47
[diag 309084.21] armed=1 idx=0 pos=(-15.62, -0.25, -1.28) vel=(+1.95, -0.63, -0.57) yaw=-3.12 dist_active=+7.78
[diag 309084.71] armed=1 idx=0 pos=(-17.00, +0.04, -1.26) vel=(+3.29, -0.53, -1.06) yaw=-3.12 dist_active=+6.43
[diag 309085.22] armed=1 idx=0 pos=(-19.01, +0.22, -1.26) vel=(+4.33, -0.22, -1.01) yaw=-3.12 dist_active=+4.50
[diag 309085.72] armed=1 idx=0 pos=(-21.30, +0.21, -1.28) vel=(+4.55, +0.20, -0.12) yaw=-3.12 dist_active=+2.43
[diag 309086.22] armed=1 idx=0 pos=(-23.39, -0.06, -1.29) vel=(+3.59, +0.63, +0.84) yaw=-3.12 dist_active=+1.31
[diag 309086.72] ACTIVE_GATE_INDEX 0 -> 1  odom_pos=(-25.02, -0.49, -0.64) dist_to_new_gate=+22.70
[diag 309086.72] armed=1 idx=1 pos=(-25.02, -0.49, -0.64) vel=(+1.93, +0.56, +4.57) yaw=+3.13 dist_active=+22.70
[diag 309087.22] armed=1 idx=1 pos=(-26.44, -0.94, +1.99) vel=(+0.11, +0.88, +5.33) yaw=+3.07 dist_active=+20.74
[diag 309087.72] armed=1 idx=1 pos=(-26.59, -1.42, +3.31) vel=(-1.13, +0.87, +1.54) yaw=+3.07 dist_active=+20.41
[diag 309088.22] armed=1 idx=1 pos=(-25.92, -1.81, +3.68) vel=(-1.77, +0.52, +0.15) yaw=+3.07 dist_active=+21.03
[diag 309088.72] armed=1 idx=1 pos=(-25.03, -2.05, +3.77) vel=(-1.73, +0.23, +0.16) yaw=+3.06 dist_active=+21.91
[diag 309089.22] armed=1 idx=1 pos=(-24.33, -2.17, +3.80) vel=(-0.98, +0.05, +0.24) yaw=+3.05 dist_active=+22.61
[diag 309089.72] armed=1 idx=1 pos=(-24.16, -2.20, +3.82) vel=(+0.50, +0.03, -0.12) yaw=+3.05 dist_active=+22.77
[diag 309090.22] armed=1 idx=1 pos=(-24.88, -2.18, +3.87) vel=(+2.37, +0.19, -1.04) yaw=+3.04 dist_active=+22.05
[diag 309090.72] armed=1 idx=1 pos=(-26.65, -2.17, +3.89) vel=(+4.15, +0.35, -1.81) yaw=+3.04 dist_active=+20.28
[diag 309091.22] armed=1 idx=1 pos=(-29.27, -2.14, +3.87) vel=(+5.50, +0.32, -1.60) yaw=+3.05 dist_active=+17.67
[diag 309091.72] armed=1 idx=1 pos=(-32.20, -2.02, +3.83) vel=(+5.75, +0.07, -0.44) yaw=+3.06 dist_active=+14.76
[diag 309092.22] armed=1 idx=1 pos=(-34.91, -1.76, +3.80) vel=(+4.83, -0.29, +0.64) yaw=+3.07 dist_active=+12.07
[diag 309092.72] armed=1 idx=1 pos=(-36.99, -1.39, +3.81) vel=(+3.42, -0.58, +0.94) yaw=+3.07 dist_active=+10.05
[diag 309093.22] armed=1 idx=1 pos=(-38.33, -0.98, +3.83) vel=(+1.84, -0.66, +0.56) yaw=+3.07 dist_active=+8.78
[diag 309093.72] armed=1 idx=1 pos=(-38.89, -0.68, +3.84) vel=(+0.37, -0.33, +0.04) yaw=+3.08 dist_active=+8.30
[diag 309094.22] armed=1 idx=1 pos=(-38.84, -0.66, +3.83) vel=(-0.53, +0.31, -0.03) yaw=+3.08 dist_active=+8.35
[diag 309094.72] armed=1 idx=1 pos=(-38.52, -1.01, +3.82) vel=(-0.73, +1.04, +0.19) yaw=+3.08 dist_active=+8.59
[diag 309095.22] armed=1 idx=1 pos=(-38.31, -1.74, +3.81) vel=(-0.21, +1.74, +0.23) yaw=+3.08 dist_active=+8.71
[diag 309095.72] armed=1 idx=1 pos=(-38.57, -2.72, +3.83) vel=(+1.13, +2.12, -0.35) yaw=+3.08 dist_active=+8.42
[diag 309096.23] armed=1 idx=1 pos=(-39.65, -3.69, +3.86) vel=(+2.82, +1.74, -1.36) yaw=+3.07 dist_active=+7.44
[diag 309096.73] armed=1 idx=1 pos=(-41.59, -4.32, +3.87) vel=(+4.37, +0.64, -1.74) yaw=+3.08 dist_active=+5.73
[diag 309097.23] armed=1 idx=1 pos=(-44.20, -4.34, +3.87) vel=(+5.36, -0.79, -0.57) yaw=+3.10 dist_active=+3.48
[diag 309097.73] armed=1 idx=1 pos=(-46.63, -3.62, +3.84) vel=(-1.43, -0.83, -0.29) yaw=+3.05 dist_active=+1.68
[diag 309098.23] armed=1 idx=1 pos=(-45.73, -2.98, +3.85) vel=(-1.67, -1.92, +0.34) yaw=+3.05 dist_active=+1.75
[diag 309098.73] armed=1 idx=1 pos=(-44.89, -1.96, +3.84) vel=(-1.33, -2.54, +0.26) yaw=+3.03 dist_active=+2.42
[diag 309099.23] armed=1 idx=1 pos=(-44.26, -0.79, +3.82) vel=(-0.60, -2.32, -0.03) yaw=+3.03 dist_active=+3.38
[diag 309099.73] armed=1 idx=1 pos=(-44.12, +0.13, +3.83) vel=(+0.49, -1.25, -0.35) yaw=+3.04 dist_active=+4.02
[diag 309100.23] armed=1 idx=1 pos=(-44.68, +0.42, +3.87) vel=(+1.76, +0.56, -0.39) yaw=+3.05 dist_active=+3.86
[diag 309100.73] armed=1 idx=1 pos=(-46.06, -0.23, +3.89) vel=(+2.84, +2.60, -0.06) yaw=+3.03 dist_active=+2.69
[diag 309101.23] armed=1 idx=1 pos=(-47.67, -1.40, +3.75) vel=(+0.39, +4.15, -0.59) yaw=+2.34 dist_active=+1.89
[diag 309101.73] armed=1 idx=1 pos=(-49.50, -2.73, +3.84) vel=(+2.00, +4.14, -0.65) yaw=+2.64 dist_active=+2.89
[diag 309102.23] armed=1 idx=1 pos=(-51.53, -4.00, +3.83) vel=(+3.26, +3.37, -0.86) yaw=+2.82 dist_active=+5.03
[diag 309102.73] armed=1 idx=1 pos=(-53.47, -4.78, +3.82) vel=(+3.49, +1.73, +0.14) yaw=+2.95 dist_active=+7.07
[diag 309103.23] armed=1 idx=1 pos=(-55.11, -4.67, +3.91) vel=(+1.90, -0.65, +1.81) yaw=+3.09 dist_active=+8.58
[diag 309103.73] armed=1 idx=1 pos=(-55.43, -3.14, +4.05) vel=(-1.12, -4.25, +1.46) yaw=-3.13 dist_active=+8.62
[diag 309104.23] armed=1 idx=1 pos=(-53.89, -0.50, +4.18) vel=(-3.85, -7.45, -1.52) yaw=+3.08 dist_active=+7.33
[diag 309104.73] armed=1 idx=1 pos=(-50.10, +3.13, +4.16) vel=(-6.35, -8.16, -4.03) yaw=+3.05 dist_active=+6.54
[diag 309105.23] armed=1 idx=1 pos=(-45.72, +6.33, +4.01) vel=(-7.85, -6.97, -4.74) yaw=+3.05 dist_active=+8.97
[diag 309105.73] armed=1 idx=1 pos=(-40.93, +9.21, +3.87) vel=(-8.48, -4.98, -4.14) yaw=+3.07 dist_active=+13.20
[diag 309106.23] armed=1 idx=1 pos=(-36.39, +11.33, +3.80) vel=(-8.28, -3.03, -2.66) yaw=+3.09 dist_active=+17.41
[diag 309106.73] armed=1 idx=1 pos=(-32.14, +12.49, +3.82) vel=(-7.42, -1.11, -0.55) yaw=+3.11 dist_active=+21.07
[diag 309107.23] armed=1 idx=1 pos=(-28.75, +12.22, +3.91) vel=(-5.96, +1.06, +2.11) yaw=+3.13 dist_active=+23.39
[diag 309107.73] armed=1 idx=1 pos=(-26.30, +10.49, +3.97) vel=(-3.95, +3.82, +3.69) yaw=-3.13 dist_active=+24.37
[diag 309108.24] armed=1 idx=1 pos=(-24.67, +7.31, +3.96) vel=(-1.62, +6.02, +3.16) yaw=-3.14 dist_active=+24.32
[diag 309108.74] armed=1 idx=1 pos=(-24.48, +3.78, +3.96) vel=(+0.86, +7.21, +0.93) yaw=+3.12 dist_active=+23.30
[diag 309109.24] armed=1 idx=1 pos=(-26.00, +0.21, +4.03) vel=(+3.49, +7.34, -2.50) yaw=+3.07 dist_active=+21.09
[diag 309109.74] armed=1 idx=1 pos=(-29.23, -3.04, +4.02) vel=(+6.23, +5.90, -4.43) yaw=+3.08 dist_active=+17.70
[diag 309110.24] armed=1 idx=1 pos=(-33.25, -5.60, +3.91) vel=(+7.65, +4.02, -3.07) yaw=+3.10 dist_active=+14.04
[diag 309110.74] armed=1 idx=1 pos=(-36.88, -7.23, +3.84) vel=(+6.99, +2.44, -0.52) yaw=-3.14 dist_active=+11.15
[diag 309111.24] armed=1 idx=1 pos=(-40.08, -7.90, +3.90) vel=(+4.58, +0.73, +1.89) yaw=-3.09 dist_active=+8.77
[diag 309111.74] armed=1 idx=1 pos=(-41.88, -6.98, +4.04) vel=(+1.63, -2.45, +2.88) yaw=-3.11 dist_active=+6.80
[diag 309112.24] armed=1 idx=1 pos=(-42.15, -4.51, +4.07) vel=(-0.44, -5.77, +1.94) yaw=+3.08 dist_active=+5.25
[diag 309112.74] armed=1 idx=1 pos=(-41.11, -1.19, +4.01) vel=(-2.05, -7.33, +0.50) yaw=+3.03 dist_active=+6.02
[diag 309113.24] armed=1 idx=1 pos=(-39.27, +2.30, +3.91) vel=(-3.10, -7.30, -0.53) yaw=+3.01 dist_active=+9.08
[diag 309113.74] armed=1 idx=1 pos=(-37.12, +5.48, +3.83) vel=(-3.57, -6.29, -1.00) yaw=+3.02 dist_active=+12.68
[diag 309114.24] armed=1 idx=1 pos=(-35.02, +8.07, +3.80) vel=(-3.49, -4.72, -0.94) yaw=+3.04 dist_active=+15.95
[diag 309114.74] armed=1 idx=1 pos=(-33.25, +9.82, +3.84) vel=(-2.83, -2.76, -0.35) yaw=+3.09 dist_active=+18.43
[diag 309115.24] armed=1 idx=1 pos=(-32.06, +10.43, +3.93) vel=(-1.43, -0.25, +0.74) yaw=+3.11 dist_active=+19.71
[diag 309115.74] armed=1 idx=1 pos=(-31.79, +9.43, +4.05) vel=(+0.73, +3.20, +1.96) yaw=-3.14 dist_active=+19.27
[diag 309116.24] armed=1 idx=1 pos=(-32.92, +6.76, +4.13) vel=(+2.95, +6.99, +1.05) yaw=+3.10 dist_active=+16.79
[diag 309116.74] armed=1 idx=1 pos=(-35.48, +3.04, +4.10) vel=(+4.66, +8.93, -0.58) yaw=+3.04 dist_active=+12.73
[diag 309117.24] armed=1 idx=1 pos=(-38.85, -0.95, +3.96) vel=(+5.60, +8.80, -1.27) yaw=+3.01 dist_active=+8.26
[diag 309117.74] armed=1 idx=1 pos=(-42.30, -4.62, +3.83) vel=(+5.61, +7.55, -1.11) yaw=+3.01 dist_active=+5.21
[diag 309118.24] armed=1 idx=1 pos=(-45.33, -7.65, +3.78) vel=(+4.84, +5.82, -0.56) yaw=+3.04 dist_active=+5.53
[diag 309118.74] armed=1 idx=1 pos=(-47.66, -9.81, +3.85) vel=(+3.31, +3.78, +0.07) yaw=+3.09 dist_active=+7.45
[diag 309119.24] armed=1 idx=1 pos=(-48.97, -10.80, +3.96) vel=(+1.06, +0.92, +0.52) yaw=+3.12 dist_active=+8.62
[diag 309119.74] armed=1 idx=1 pos=(-48.94, -10.08, +4.11) vel=(-1.22, -3.17, +1.67) yaw=+3.08 dist_active=+7.91
[diag 309120.25] armed=1 idx=1 pos=(-47.53, -7.37, +4.17) vel=(-2.54, -7.31, +2.24) yaw=+3.00 dist_active=+4.99
[diag 309120.75] armed=1 idx=1 pos=(-45.24, -3.38, +4.07) vel=(-2.94, -9.36, +1.56) yaw=+2.94 dist_active=+2.12
[diag 309121.25] armed=1 idx=1 pos=(-42.66, +0.94, +3.92) vel=(-3.27, -9.44, +0.58) yaw=+2.94 dist_active=+5.58
[diag 309121.75] armed=1 idx=1 pos=(-40.15, +5.01, +3.81) vel=(-3.15, -8.44, -0.16) yaw=+2.94 dist_active=+10.17
[diag 309122.25] armed=1 idx=1 pos=(-37.94, +8.50, +3.78) vel=(-2.71, -6.86, -0.66) yaw=+2.95 dist_active=+14.24
[diag 309122.75] armed=1 idx=1 pos=(-36.22, +11.18, +3.81) vel=(-2.03, -4.82, -0.73) yaw=+2.98 dist_active=+17.39
[diag 309123.25] armed=1 idx=1 pos=(-35.15, +12.79, +3.90) vel=(-0.95, -2.13, -0.37) yaw=+3.04 dist_active=+19.32
[diag 309123.75] armed=1 idx=1 pos=(-35.03, +12.94, +4.02) vel=(+0.88, +1.38, +0.80) yaw=+3.10 dist_active=+19.50
[diag 309124.25] armed=1 idx=1 pos=(-36.18, +11.10, +4.17) vel=(+2.85, +5.89, +1.80) yaw=+3.07 dist_active=+17.34
[diag 309124.75] armed=1 idx=1 pos=(-38.60, +7.52, +4.16) vel=(+4.06, +9.10, +1.32) yaw=+3.01 dist_active=+13.04
[diag 309125.25] armed=1 idx=1 pos=(-41.68, +3.18, +4.01) vel=(+4.27, +10.01, +0.49) yaw=+2.95 dist_active=+7.78
[diag 309125.75] armed=1 idx=1 pos=(-44.79, -1.11, +3.86) vel=(+4.16, +9.26, -0.08) yaw=+2.94 dist_active=+2.79
[diag 309126.25] armed=1 idx=1 pos=(-46.00, -4.17, +3.60) vel=(-0.94, +4.57, -1.65) yaw=-2.37 dist_active=+2.39
[diag 309126.75] armed=1 idx=1 pos=(-44.08, -5.36, +3.80) vel=(-2.97, +3.04, -0.53) yaw=-2.77 dist_active=+4.21
[diag 309127.25] armed=1 idx=1 pos=(-42.18, -5.85, +3.84) vel=(-3.59, +0.63, +0.14) yaw=-3.02 dist_active=+5.92
[diag 309127.75] armed=1 idx=1 pos=(-40.53, -5.32, +3.88) vel=(-2.70, -1.83, +1.55) yaw=+3.11 dist_active=+7.06
[diag 309128.25] armed=1 idx=1 pos=(-39.47, -3.68, +3.90) vel=(-0.83, -3.89, +1.71) yaw=+3.03 dist_active=+7.60
[diag 309128.75] armed=1 idx=1 pos=(-39.32, -1.37, +3.90) vel=(+1.34, -4.75, +0.41) yaw=+2.99 dist_active=+7.75
[diag 309129.25] ACTIVE_GATE_INDEX 1 -> 0  odom_pos=(-39.63, -0.23, +3.90) dist_to_new_gate=+16.80
[diag 309129.25] armed=1 idx=0 pos=(-39.63, -0.23, +3.90) vel=(+2.35, -4.68, -0.44) yaw=+2.99 dist_active=+16.80
[diag 309129.75] armed=1 idx=0 pos=(-0.49, -0.00, -0.53) vel=(+1.28, -0.02, -1.87) yaw=-3.12 dist_active=+22.82
[diag 309130.25] armed=1 idx=0 pos=(-1.88, -0.01, -0.96) vel=(+3.10, -0.03, -1.95) yaw=-3.12 dist_active=+21.44
[diag 309130.75] armed=1 idx=0 pos=(-4.06, -0.02, -1.15) vel=(+4.64, -0.01, -1.75) yaw=-3.12 dist_active=+19.28
[diag 309131.25] armed=1 idx=0 pos=(-6.70, -0.07, -1.24) vel=(+5.35, +0.05, -0.94) yaw=-3.12 dist_active=+16.65
[diag 309131.76] armed=1 idx=0 pos=(-9.34, -0.17, -1.29) vel=(+5.03, +0.14, +0.07) yaw=-3.12 dist_active=+14.02
[diag 309132.26] armed=1 idx=0 pos=(-11.62, -0.31, -1.30) vel=(+3.96, +0.24, +0.71) yaw=-3.12 dist_active=+11.75
[diag 309132.76] armed=1 idx=0 pos=(-13.29, -0.48, -1.29) vel=(+2.61, +0.30, +0.67) yaw=-3.12 dist_active=+10.08
[diag 309133.26] armed=1 idx=0 pos=(-14.30, -0.64, -1.27) vel=(+1.27, +0.26, +0.29) yaw=-3.12 dist_active=+9.08
[diag 309133.76] armed=1 idx=0 pos=(-14.71, -0.75, -1.28) vel=(+0.38, +0.12, +0.03) yaw=-3.12 dist_active=+8.69
[diag 309134.26] armed=1 idx=0 pos=(-14.77, -0.75, -1.29) vel=(-0.01, -0.12, -0.02) yaw=-3.12 dist_active=+8.63
[diag 309134.76] armed=1 idx=0 pos=(-14.82, -0.63, -1.30) vel=(+0.32, -0.37, -0.03) yaw=-3.12 dist_active=+8.57
[diag 309135.26] armed=1 idx=0 pos=(-15.21, -0.40, -1.29) vel=(+1.28, -0.58, -0.29) yaw=-3.12 dist_active=+8.18
[diag 309135.76] armed=1 idx=0 pos=(-16.22, -0.12, -1.27) vel=(+2.57, -0.61, -0.80) yaw=-3.12 dist_active=+7.19
[diag 309136.26] armed=1 idx=0 pos=(-17.94, +0.14, -1.26) vel=(+3.87, -0.39, -1.11) yaw=-3.12 dist_active=+5.52
[diag 309136.76] armed=1 idx=0 pos=(-20.09, +0.24, -1.27) vel=(+4.54, -0.02, -0.63) yaw=-3.12 dist_active=+3.50
[diag 309137.26] armed=1 idx=0 pos=(-22.33, +0.11, -1.29) vel=(+4.20, +0.39, +0.40) yaw=-3.12 dist_active=+1.67
[diag 309137.76] ACTIVE_GATE_INDEX 0 -> 1  odom_pos=(-24.16, -0.26, -1.29) dist_to_new_gate=+23.71
[diag 309137.76] armed=1 idx=1 pos=(-24.16, -0.26, -1.29) vel=(+2.74, +0.82, +1.17) yaw=-3.12 dist_active=+23.71
[diag 309138.26] armed=1 idx=1 pos=(-25.69, -0.71, +0.32) vel=(+0.98, +0.60, +6.22) yaw=+3.10 dist_active=+21.80
[diag 309138.76] armed=1 idx=1 pos=(-26.61, -1.17, +2.66) vel=(-0.57, +0.96, +2.61) yaw=+3.08 dist_active=+20.47
[diag 309139.26] armed=1 idx=1 pos=(-26.29, -1.62, +3.48) vel=(-1.52, +0.71, +0.57) yaw=+3.08 dist_active=+20.68
[diag 309139.76] armed=1 idx=1 pos=(-25.44, -1.94, +3.72) vel=(-1.86, +0.35, +0.12) yaw=+3.07 dist_active=+21.50
[diag 309140.26] armed=1 idx=1 pos=(-24.60, -2.11, +3.78) vel=(-1.49, +0.12, +0.24) yaw=+3.06 dist_active=+22.34
[diag 309140.76] armed=1 idx=1 pos=(-24.07, -2.17, +3.81) vel=(-0.38, -0.01, +0.16) yaw=+3.05 dist_active=+22.86
[diag 309141.26] armed=1 idx=1 pos=(-24.25, -2.16, +3.84) vel=(+1.19, +0.06, -0.43) yaw=+3.05 dist_active=+22.68
[diag 309141.76] armed=1 idx=1 pos=(-25.45, -2.14, +3.88) vel=(+3.22, +0.27, -1.50) yaw=+3.04 dist_active=+21.48
[diag 309142.26] armed=1 idx=1 pos=(-27.81, -2.12, +3.89) vel=(+4.94, +0.36, -1.84) yaw=+3.05 dist_active=+19.13
[diag 309142.76] armed=1 idx=1 pos=(-30.50, -2.07, +3.85) vel=(+5.76, +0.23, -1.12) yaw=+3.06 dist_active=+16.45
[diag 309143.27] armed=1 idx=1 pos=(-33.36, -1.90, +3.81) vel=(+5.43, -0.06, +0.11) yaw=+3.07 dist_active=+13.61
[diag 309143.77] armed=1 idx=1 pos=(-35.92, -1.59, +3.80) vel=(+4.16, -0.40, +0.88) yaw=+3.07 dist_active=+11.08
[diag 309144.27] armed=1 idx=1 pos=(-37.57, -1.22, +3.82) vel=(+2.61, -0.62, +0.81) yaw=+3.07 dist_active=+9.49
[diag 309144.77] armed=1 idx=1 pos=(-38.55, -0.86, +3.84) vel=(+1.11, -0.54, +0.29) yaw=+3.07 dist_active=+8.60
[diag 309145.27] armed=1 idx=1 pos=(-38.79, -0.67, +3.84) vel=(-0.10, -0.07, -0.05) yaw=+3.08 dist_active=+8.39
[diag 309145.77] armed=1 idx=1 pos=(-38.58, -0.81, +3.82) vel=(-0.67, +0.62, +0.06) yaw=+3.08 dist_active=+8.58
[diag 309146.27] armed=1 idx=1 pos=(-38.28, -1.34, +3.81) vel=(-0.50, +1.36, +0.24) yaw=+3.08 dist_active=+8.78
[diag 309146.77] armed=1 idx=1 pos=(-38.27, -2.13, +3.82) vel=(+0.40, +1.93, +0.04) yaw=+3.08 dist_active=+8.72
[diag 309147.27] armed=1 idx=1 pos=(-38.96, -3.16, +3.84) vel=(+1.94, +2.01, -0.84) yaw=+3.08 dist_active=+8.06
[diag 309147.77] armed=1 idx=1 pos=(-40.52, -3.99, +3.87) vel=(+3.65, +1.26, -1.67) yaw=+3.08 dist_active=+6.66
[diag 309148.27] armed=1 idx=1 pos=(-42.86, -4.36, +3.87) vel=(+5.03, -0.01, -1.34) yaw=+3.08 dist_active=+4.60
[diag 309148.77] armed=1 idx=1 pos=(-45.52, -4.01, +3.85) vel=(+5.27, -1.26, +0.35) yaw=+3.11 dist_active=+2.37
[diag 309149.27] armed=1 idx=1 pos=(-46.59, -3.79, +3.67) vel=(-0.24, +0.77, +0.19) yaw=-2.98 dist_active=+1.93
[diag 309149.77] armed=1 idx=1 pos=(-46.28, -3.73, +3.86) vel=(-0.90, -0.94, +0.28) yaw=-3.12 dist_active=+1.83
[diag 309150.27] armed=1 idx=1 pos=(-45.80, -2.86, +3.86) vel=(-0.83, -2.40, +0.57) yaw=+3.08 dist_active=+1.67
[diag 309150.77] armed=1 idx=1 pos=(-45.38, -1.45, +3.83) vel=(-0.39, -3.10, +0.29) yaw=+3.06 dist_active=+2.22
[diag 309151.27] armed=1 idx=1 pos=(-45.22, +0.08, +3.81) vel=(+0.25, -2.90, -0.20) yaw=+3.06 dist_active=+3.32
[diag 309151.78] armed=1 idx=1 pos=(-45.44, +1.36, +3.82) vel=(+1.03, -1.93, -0.57) yaw=+3.06 dist_active=+4.31
[diag 309152.28] armed=1 idx=1 pos=(-46.11, +2.04, +3.84) vel=(+1.77, -0.29, -0.43) yaw=+3.06 dist_active=+4.77
[diag 309152.78] armed=1 idx=1 pos=(-47.15, +1.80, +3.87) vel=(+2.15, +1.74, +0.50) yaw=+3.04 dist_active=+4.47
[diag 309153.28] armed=1 idx=1 pos=(-48.37, +0.48, +3.89) vel=(+1.92, +3.71, +1.23) yaw=+3.00 dist_active=+3.53
[diag 309153.78] armed=1 idx=1 pos=(-49.54, -1.65, +3.86) vel=(+1.39, +4.88, +1.00) yaw=+2.98 dist_active=+3.03
[diag 309154.28] armed=1 idx=1 pos=(-50.51, -4.06, +3.82) vel=(+0.80, +5.02, +0.35) yaw=+2.97 dist_active=+4.13
[diag 309154.78] armed=1 idx=1 pos=(-51.17, -6.33, +3.80) vel=(+0.22, +4.28, -0.33) yaw=+2.97 dist_active=+5.88
[diag 309155.28] armed=1 idx=1 pos=(-51.48, -8.14, +3.82) vel=(-0.27, +2.89, -0.68) yaw=+2.97 dist_active=+7.38
[diag 309155.78] armed=1 idx=1 pos=(-51.43, -9.19, +3.85) vel=(-0.59, +0.98, -0.42) yaw=+2.97 dist_active=+8.18
[diag 309156.28] armed=1 idx=1 pos=(-51.13, -9.16, +3.90) vel=(-0.51, -1.27, +0.76) yaw=+2.95 dist_active=+7.98
[diag 309156.78] armed=1 idx=1 pos=(-50.71, -7.74, +3.95) vel=(-0.02, -3.72, +2.26) yaw=+2.94 dist_active=+6.58
[diag 309157.28] armed=1 idx=1 pos=(-50.24, -5.01, +3.95) vel=(+0.26, -5.97, +2.49) yaw=+2.94 dist_active=+4.33
[diag 309157.78] armed=1 idx=1 pos=(-49.63, -1.55, +3.89) vel=(+0.03, -7.16, +1.74) yaw=+2.94 dist_active=+3.12
[diag 309158.28] armed=1 idx=1 pos=(-48.78, +2.07, +3.83) vel=(-0.49, -7.35, +0.62) yaw=+2.94 dist_active=+5.10
[diag 309158.78] armed=1 idx=1 pos=(-47.69, +5.47, +3.80) vel=(-1.07, -6.73, -0.43) yaw=+2.94 dist_active=+8.11
[diag 309159.28] armed=1 idx=1 pos=(-46.43, +8.38, +3.79) vel=(-1.56, -5.45, -1.05) yaw=+2.95 dist_active=+10.96
[diag 309159.78] armed=1 idx=1 pos=(-45.18, +10.54, +3.81) vel=(-1.77, -3.64, -0.97) yaw=+2.99 dist_active=+13.21
[diag 309160.28] armed=1 idx=1 pos=(-44.16, +11.69, +3.88) vel=(-1.46, -1.29, -0.11) yaw=+3.04 dist_active=+14.50
[diag 309160.78] armed=1 idx=1 pos=(-43.64, +11.39, +3.98) vel=(-0.31, +1.62, +1.71) yaw=+3.10 dist_active=+14.31
[diag 309161.28] armed=1 idx=1 pos=(-43.96, +9.25, +4.09) vel=(+1.30, +5.36, +2.96) yaw=+3.09 dist_active=+12.15
[diag 309161.79] armed=1 idx=1 pos=(-45.33, +5.57, +4.09) vel=(+2.64, +8.39, +2.33) yaw=+3.05 dist_active=+8.28
[diag 309162.29] armed=1 idx=1 pos=(-47.49, +1.20, +3.99) vel=(+3.39, +9.49, +1.20) yaw=+3.01 dist_active=+3.90
[diag 309162.79] armed=1 idx=1 pos=(-49.98, -3.17, +3.86) vel=(+3.47, +9.09, +0.34) yaw=+2.98 dist_active=+3.38
[diag 309163.29] armed=1 idx=1 pos=(-52.30, -7.07, +3.79) vel=(+2.93, +7.79, -0.08) yaw=+2.97 dist_active=+7.19
[diag 309163.79] armed=1 idx=1 pos=(-54.07, -10.26, +3.80) vel=(+1.81, +5.90, -0.39) yaw=+3.00 dist_active=+10.65
[diag 309164.29] armed=1 idx=1 pos=(-54.97, -12.48, +3.90) vel=(+0.23, +3.23, -0.88) yaw=+3.05 dist_active=+12.89
[diag 309164.79] armed=1 idx=1 pos=(-54.67, -13.39, +4.01) vel=(-1.75, -0.37, -0.71) yaw=+3.06 dist_active=+13.42
[diag 309165.32] armed=1 idx=1 pos=(-53.00, -12.39, +4.10) vel=(-3.21, -4.51, +1.20) yaw=+3.00 dist_active=+11.66
[diag 309165.82] armed=1 idx=1 pos=(-50.67, -9.66, +4.08) vel=(-3.24, -7.45, +1.91) yaw=+2.93 dist_active=+8.15
[diag 309166.32] armed=1 idx=1 pos=(-48.17, -5.99, +3.96) vel=(-3.08, -8.51, +1.50) yaw=+2.92 dist_active=+3.88
[diag 309166.82] armed=1 idx=1 pos=(-47.11, -4.61, +3.75) vel=(+0.06, +2.36, -0.20) yaw=+2.90 dist_active=+2.50
[diag 309167.32] armed=1 idx=1 pos=(-47.35, -5.42, +3.86) vel=(+0.22, +0.85, -0.24) yaw=+2.94 dist_active=+3.19
[diag 309167.82] armed=1 idx=1 pos=(-47.57, -5.36, +3.87) vel=(+0.72, -0.87, +0.41) yaw=+2.94 dist_active=+3.17
[diag 309168.32] armed=1 idx=1 pos=(-47.89, -4.32, +3.88) vel=(+1.28, -2.58, +0.98) yaw=+2.94 dist_active=+2.40
[diag 309168.82] armed=1 idx=1 pos=(-48.24, -2.48, +3.86) vel=(+1.37, -3.87, +0.87) yaw=+2.95 dist_active=+1.81
[diag 309169.32] armed=1 idx=1 pos=(-48.45, -0.35, +3.82) vel=(+0.99, -4.30, +0.33) yaw=+2.96 dist_active=+2.93
[diag 309169.82] armed=1 idx=1 pos=(-48.37, +1.79, +3.81) vel=(+0.22, -4.07, -0.33) yaw=+2.96 dist_active=+4.71
[diag 309170.32] armed=1 idx=1 pos=(-47.90, +3.62, +3.81) vel=(-0.81, -3.12, -0.82) yaw=+2.96 dist_active=+6.33
[diag 309170.82] armed=1 idx=1 pos=(-47.07, +4.78, +3.83) vel=(-1.68, -1.66, -0.67) yaw=+2.99 dist_active=+7.39
[diag 309171.33] armed=1 idx=1 pos=(-46.06, +4.98, +3.88) vel=(-2.06, +0.43, +0.60) yaw=+3.05 dist_active=+7.62
[diag 309171.83] armed=1 idx=1 pos=(-45.18, +3.77, +3.95) vel=(-1.36, +3.11, +2.58) yaw=+3.11 dist_active=+6.59
[diag 309172.33] armed=1 idx=1 pos=(-44.87, +1.12, +3.98) vel=(+0.18, +5.83, +2.72) yaw=+3.13 dist_active=+4.29
[diag 309172.83] armed=1 idx=1 pos=(-45.49, -2.34, +3.97) vel=(+1.66, +7.50, +1.35) yaw=+3.08 dist_active=+1.79
[diag 309173.33] armed=1 idx=1 pos=(-47.11, -6.12, +3.92) vel=(+3.17, +7.90, -0.25) yaw=+3.06 dist_active=+3.80
[diag 309173.83] armed=1 idx=1 pos=(-49.37, -9.70, +3.85) vel=(+4.08, +7.11, -1.00) yaw=+3.05 dist_active=+7.71
[diag 309174.33] armed=1 idx=1 pos=(-51.75, -12.78, +3.80) vel=(+4.00, +5.57, -0.63) yaw=+3.08 dist_active=+11.44
[diag 309174.87] armed=1 idx=1 pos=(-53.74, -15.17, +3.84) vel=(+2.41, +3.70, -0.07) yaw=+3.11 dist_active=+14.45
[diag 309175.37] armed=1 idx=1 pos=(-54.59, -16.33, +3.97) vel=(-0.01, +0.81, -0.07) yaw=+3.12 dist_active=+15.87
[diag 309175.87] armed=1 idx=1 pos=(-53.88, -15.78, +4.12) vel=(-2.42, -3.43, +0.71) yaw=+3.07 dist_active=+15.04
[diag 309176.37] armed=1 idx=1 pos=(-51.75, -13.29, +4.17) vel=(-3.72, -7.46, +1.24) yaw=+2.99 dist_active=+11.87
[diag 309176.87] armed=1 idx=1 pos=(-48.82, -9.57, +4.06) vel=(-4.05, -9.27, +0.73) yaw=+2.93 dist_active=+7.39
[diag 309177.37] armed=1 idx=1 pos=(-45.71, -5.51, +3.91) vel=(-4.26, -9.15, +0.04) yaw=+2.94 dist_active=+3.43
[diag 309177.87] armed=1 idx=1 pos=(-42.77, -1.68, +3.81) vel=(-4.01, -8.10, -0.49) yaw=+2.94 dist_active=+4.38
[diag 309178.38] armed=1 idx=1 pos=(-40.22, +1.55, +3.78) vel=(-3.51, -6.48, -0.78) yaw=+2.96 dist_active=+7.92
[diag 309178.88] armed=1 idx=1 pos=(-38.16, +3.99, +3.81) vel=(-2.78, -4.43, -0.60) yaw=+2.99 dist_active=+10.95
[diag 309179.38] armed=1 idx=1 pos=(-36.76, +5.33, +3.91) vel=(-1.64, -1.73, +0.06) yaw=+3.06 dist_active=+12.86
[diag 309179.88] armed=1 idx=1 pos=(-36.29, +5.15, +4.03) vel=(+0.28, +1.69, +1.45) yaw=+3.12 dist_active=+13.12
[diag 309180.38] armed=1 idx=1 pos=(-37.16, +3.06, +4.16) vel=(+2.67, +6.09, +1.45) yaw=+3.11 dist_active=+11.24
[diag 309180.88] armed=1 idx=1 pos=(-39.62, -0.53, +4.17) vel=(+4.50, +9.12, -0.02) yaw=+3.04 dist_active=+7.59
[diag 309181.38] armed=1 idx=1 pos=(-43.08, -4.71, +4.04) vel=(+5.52, +9.68, -0.90) yaw=+2.99 dist_active=+4.53
[diag 309181.88] armed=1 idx=1 pos=(-46.68, -8.75, +3.87) vel=(+5.45, +8.66, -0.75) yaw=+2.97 dist_active=+6.37
[diag 309182.38] armed=1 idx=1 pos=(-49.81, -12.21, +3.79) vel=(+4.52, +6.96, -0.33) yaw=+2.99 dist_active=+10.22
