Waiting for heartbeat...
Connected to system: 1
Setting up MAVLink rx...
Setting up Timesync loop...
[setup] vision/color detector disabled (config.ENABLE_VISION=False)
[pilot] waypoint-yaw-steer init; waiting for armed + track data
resetting sim for a clean start...
[pilot] TARGET gate 0/5
    [trace] t=  0.0s idx=0 pos=(-0.0,+0.0,+0.0)
  gate idx -> 0  t=  0.0s  pos=(-0.0, 0.0, 0.0)
    [trace] t=  0.5s idx=0 pos=(-0.7,-0.0,-0.9)
    [trace] t=  1.0s idx=0 pos=(-2.2,-0.0,-1.3)
    [trace] t=  1.5s idx=0 pos=(-4.5,-0.0,-1.2)
    [trace] t=  2.0s idx=0 pos=(-7.1,-0.1,-1.1)
    [trace] t=  2.5s idx=0 pos=(-9.9,-0.2,-1.2)
    [trace] t=  3.0s idx=0 pos=(-12.2,-0.3,-1.2)
    [trace] t=  3.5s idx=0 pos=(-14.1,-0.5,-1.1)
    [trace] t=  4.0s idx=0 pos=(-15.2,-0.7,-1.1)
    [trace] t=  4.5s idx=0 pos=(-15.7,-0.8,-1.1)
    [trace] t=  5.0s idx=0 pos=(-15.9,-0.8,-1.2)
    [trace] t=  5.5s idx=0 pos=(-16.0,-0.7,-1.2)
    [trace] t=  6.0s idx=0 pos=(-16.3,-0.5,-1.2)
    [trace] t=  6.5s idx=0 pos=(-17.3,-0.2,-1.1)
    [trace] t=  7.0s idx=0 pos=(-18.9,+0.1,-1.1)
    [trace] t=  7.5s idx=0 pos=(-21.0,+0.3,-1.1)
  !! COLLISION {'id': 1001, 'threat_level': 2, 'delta': 2.5735185146331787}
    [trace] t=  8.0s idx=0 pos=(-23.1,+0.2,-1.2)
  gate idx -> 1  t=  8.4s  pos=(-23.3, -0.5, -1.3)
[pilot] TARGET gate 1/5
    [trace] t=  8.5s idx=1 pos=(-23.5,-0.9,-1.1)
    [trace] t=  9.0s idx=1 pos=(-23.9,-2.0,+1.2)
    [trace] t=  9.5s idx=1 pos=(-23.9,-3.0,+4.3)
    [trace] t= 10.0s idx=1 pos=(-23.0,-3.3,+4.3)
    [trace] t= 10.5s idx=1 pos=(-22.1,-3.2,+4.0)
    [trace] t= 11.0s idx=1 pos=(-21.6,-2.8,+3.9)
    [trace] t= 11.6s idx=1 pos=(-21.7,-2.2,+4.0)
    [trace] t= 12.1s idx=1 pos=(-22.9,-1.6,+4.1)
    [trace] t= 12.6s idx=1 pos=(-25.1,-1.3,+4.0)
    [trace] t= 13.1s idx=1 pos=(-27.9,-1.3,+4.0)
    [trace] t= 13.6s idx=1 pos=(-30.7,-1.4,+3.9)
    [trace] t= 14.1s idx=1 pos=(-33.3,-1.6,+3.9)
    [trace] t= 14.6s idx=1 pos=(-35.2,-1.7,+4.0)
    [trace] t= 15.1s idx=1 pos=(-36.5,-1.6,+4.0)
    [trace] t= 15.6s idx=1 pos=(-37.1,-1.4,+4.0)
    [trace] t= 16.1s idx=1 pos=(-37.2,-1.1,+3.9)
    [trace] t= 16.6s idx=1 pos=(-37.2,-1.0,+3.9)
    [trace] t= 17.1s idx=1 pos=(-37.2,-1.3,+4.0)
    [trace] t= 17.6s idx=1 pos=(-37.9,-2.0,+4.0)
    [trace] t= 18.1s idx=1 pos=(-39.2,-3.0,+4.0)
    [trace] t= 18.6s idx=1 pos=(-41.4,-3.9,+4.0)
    [trace] t= 19.1s idx=1 pos=(-44.0,-4.5,+4.0)
    [trace] t= 19.6s idx=1 pos=(-46.5,-4.5,+4.0)
    [trace] t= 20.1s idx=1 pos=(-48.6,-3.7,+4.0)
    [trace] t= 20.6s idx=1 pos=(-49.5,-2.1,+4.1)
    [trace] t= 21.1s idx=1 pos=(-48.9,-0.1,+4.2)
    [trace] t= 21.6s idx=1 pos=(-46.6,+1.9,+4.2)
    [trace] t= 22.1s idx=1 pos=(-43.2,+3.4,+4.0)
    [trace] t= 22.6s idx=1 pos=(-39.6,+4.2,+4.0)
    [trace] t= 23.1s idx=1 pos=(-36.1,+3.9,+4.0)
    [trace] t= 23.6s idx=1 pos=(-33.0,+2.2,+4.1)
    [trace] t= 24.1s idx=1 pos=(-30.8,-0.2,+4.0)
    [trace] t= 24.6s idx=1 pos=(-29.4,-3.1,+4.0)
    [trace] t= 25.1s idx=1 pos=(-29.1,-5.9,+4.0)
    [trace] t= 25.6s idx=1 pos=(-30.5,-8.7,+4.2)
    [trace] t= 26.1s idx=1 pos=(-33.7,-10.4,+4.2)
    [trace] t= 26.6s idx=1 pos=(-37.7,-11.2,+4.1)
    [trace] t= 27.1s idx=1 pos=(-41.5,-10.9,+4.0)
    [trace] t= 27.6s idx=1 pos=(-44.4,-9.3,+4.1)
    [trace] t= 28.1s idx=1 pos=(-45.9,-6.7,+4.1)
    [trace] t= 28.6s idx=1 pos=(-46.0,-3.8,+4.1)
    [trace] t= 29.1s idx=1 pos=(-44.5,-0.5,+4.1)
    [trace] t= 29.6s idx=1 pos=(-42.2,+2.2,+4.0)
    [trace] t= 30.1s idx=1 pos=(-39.4,+4.2,+3.9)
    [trace] t= 30.6s idx=1 pos=(-36.7,+5.4,+4.0)
    [trace] t= 31.1s idx=1 pos=(-34.4,+5.3,+4.1)
    [trace] t= 31.6s idx=1 pos=(-32.6,+3.5,+4.2)
    [trace] t= 32.1s idx=1 pos=(-32.0,+0.8,+4.1)
    [trace] t= 32.6s idx=1 pos=(-32.6,-2.7,+4.1)
    [trace] t= 33.1s idx=1 pos=(-34.9,-6.2,+4.2)
    [trace] t= 33.7s idx=1 pos=(-38.5,-9.3,+4.1)
    [trace] t= 34.2s idx=1 pos=(-42.7,-12.0,+3.9)
    [trace] t= 34.7s idx=1 pos=(-46.1,-13.6,+3.9)
    [trace] t= 35.2s idx=1 pos=(-48.5,-14.0,+4.1)
    [trace] t= 35.7s idx=1 pos=(-49.5,-12.8,+4.4)
    [trace] t= 36.2s idx=1 pos=(-48.1,-9.3,+4.5)
    [trace] t= 36.7s idx=1 pos=(-45.0,-4.8,+4.3)
    [trace] t= 37.2s idx=1 pos=(-40.9,+0.1,+4.0)
    [trace] t= 37.7s idx=1 pos=(-37.0,+4.2,+3.9)
    [trace] t= 38.2s idx=1 pos=(-33.2,+7.7,+3.9)
    [trace] t= 38.7s idx=1 pos=(-30.0,+10.2,+3.9)
    [trace] t= 39.2s idx=1 pos=(-27.1,+11.8,+4.0)
    [trace] t= 39.7s idx=1 pos=(-26.2,+11.9,+4.1)
    [trace] t= 40.2s idx=1 pos=(-24.5,+10.7,+4.3)
    [trace] t= 40.7s idx=1 pos=(-24.2,+9.4,+4.3)
    [trace] t= 41.2s idx=1 pos=(-24.2,+9.4,+4.3)
    [trace] t= 41.7s idx=1 pos=(-24.2,+9.4,+4.3)
    [trace] t= 42.2s idx=1 pos=(-24.2,+9.4,+4.3)
    [trace] t= 42.7s idx=1 pos=(-24.2,+9.3,+4.3)
    [trace] t= 43.2s idx=1 pos=(-24.9,+5.9,+4.3)
    [trace] t= 43.7s idx=1 pos=(-25.7,+4.2,+4.3)
    [trace] t= 44.2s idx=1 pos=(-28.5,-0.3,+4.3)
    [trace] t= 44.7s idx=1 pos=(-32.7,-5.5,+4.1)
    [trace] t= 45.2s idx=1 pos=(-36.5,-9.7,+3.9)
    [trace] t= 45.7s idx=1 pos=(-39.9,-13.3,+3.8)
    [trace] t= 46.2s idx=1 pos=(-42.8,-16.1,+4.0)
    [trace] t= 46.7s idx=1 pos=(-44.3,-17.4,+4.2)
    [trace] t= 47.2s idx=1 pos=(-44.5,-16.9,+4.3)
    [trace] t= 47.7s idx=1 pos=(-43.5,-14.5,+4.4)
    [trace] t= 48.2s idx=1 pos=(-41.5,-10.4,+4.2)
    [trace] t= 48.7s idx=1 pos=(-39.4,-6.3,+4.0)
    [trace] t= 49.2s idx=1 pos=(-37.1,-1.9,+3.9)
    [trace] t= 49.7s idx=1 pos=(-35.3,+1.5,+3.9)
    [trace] t= 50.2s idx=1 pos=(-33.9,+4.4,+4.0)
    [trace] t= 50.7s idx=1 pos=(-33.3,+6.0,+4.1)
    [trace] t= 51.2s idx=1 pos=(-33.7,+6.3,+4.2)
    [trace] t= 51.8s idx=1 pos=(-35.2,+4.8,+4.4)
    [trace] t= 52.3s idx=1 pos=(-38.1,+1.4,+4.3)
    [trace] t= 52.8s idx=1 pos=(-41.2,-2.3,+4.0)
    [trace] t= 53.3s idx=1 pos=(-44.5,-6.3,+3.9)
    [trace] t= 53.8s idx=1 pos=(-47.3,-9.9,+3.9)
    [trace] t= 54.3s idx=1 pos=(-49.3,-12.3,+3.9)
    [trace] t= 54.8s idx=1 pos=(-50.9,-14.0,+4.1)
    [trace] t= 55.3s idx=1 pos=(-51.3,-14.2,+4.2)
    [trace] t= 55.8s idx=1 pos=(-50.5,-12.2,+4.3)
    [trace] t= 56.3s idx=1 pos=(-48.8,-8.9,+4.3)
    [trace] t= 56.8s idx=1 pos=(-46.5,-4.3,+4.1)
    [trace] t= 57.3s idx=1 pos=(-44.3,-0.1,+3.9)
    [trace] t= 57.8s idx=1 pos=(-42.1,+4.0,+3.9)
    [trace] t= 58.3s idx=1 pos=(-40.5,+7.2,+3.9)
    [trace] t= 58.8s idx=1 pos=(-39.5,+9.5,+4.0)
    [trace] t= 59.3s idx=1 pos=(-39.3,+10.5,+4.2)
    [trace] t= 59.8s idx=1 pos=(-40.3,+9.8,+4.3)
    [trace] t= 60.3s idx=1 pos=(-42.4,+6.9,+4.3)
    [trace] t= 60.8s idx=1 pos=(-44.9,+3.2,+4.1)
    [trace] t= 61.3s idx=1 pos=(-47.7,-1.2,+3.9)
    [trace] t= 61.8s idx=1 pos=(-49.9,-4.9,+3.9)
    [trace] t= 62.3s idx=1 pos=(-51.7,-8.4,+3.9)
    [trace] t= 62.8s idx=1 pos=(-52.7,-10.8,+4.0)
    [trace] t= 63.3s idx=1 pos=(-52.7,-12.0,+4.1)
    [trace] t= 63.8s idx=1 pos=(-51.9,-11.8,+4.2)
    [trace] t= 64.3s idx=1 pos=(-50.4,-9.7,+4.2)
    [trace] t= 64.8s idx=1 pos=(-48.9,-6.4,+4.1)
    [trace] t= 65.3s idx=1 pos=(-47.3,-2.4,+4.0)
  !! COLLISION {'id': 1001, 'threat_level': 2, 'delta': 3.561502695083618}
  !! COLLISION {'id': 1001, 'threat_level': 2, 'delta': 1.8103716373443604}
    [trace] t= 65.8s idx=1 pos=(-47.6,-1.2,+3.7)
    [trace] t= 66.3s idx=1 pos=(-48.3,-0.4,+4.0)
    [trace] t= 66.8s idx=1 pos=(-49.0,+0.1,+4.0)
    [trace] t= 67.3s idx=1 pos=(-49.6,+0.1,+4.0)
    [trace] t= 67.8s idx=1 pos=(-49.7,-0.8,+4.0)
    [trace] t= 68.3s idx=1 pos=(-49.2,-2.4,+4.0)

STALLED: no progress for 60s; reached gate 1 of 6.
