Waiting for heartbeat...
Connected to system: 1
Setting up MAVLink rx...
Setting up Timesync loop...
[setup] vision/color detector disabled (config.ENABLE_VISION=False)
[pilot] waypoint-yaw-steer init; waiting for armed + track data
resetting sim for a clean start...
[pilot] no live track data — using known Round-1 gates
[pilot] TARGET gate 0/5
    [trace] t=  0.0s idx=0 pos=(-0.0,+0.0,+0.0)
  gate idx -> 0  t=  0.0s  pos=(-0.0, 0.0, 0.0)
    [trace] t=  0.5s idx=0 pos=(-0.7,-0.0,-0.8)
    [trace] t=  1.0s idx=0 pos=(-2.2,-0.0,-1.3)
    [trace] t=  1.5s idx=0 pos=(-4.3,-0.0,-1.2)
    [trace] t=  2.0s idx=0 pos=(-6.9,-0.1,-1.1)
    [trace] t=  2.5s idx=0 pos=(-9.5,-0.2,-1.2)
    [trace] t=  3.0s idx=0 pos=(-11.7,-0.3,-1.2)
    [trace] t=  3.5s idx=0 pos=(-13.4,-0.5,-1.1)
    [trace] t=  4.0s idx=0 pos=(-14.4,-0.7,-1.1)
    [trace] t=  4.5s idx=0 pos=(-14.8,-0.7,-1.1)
    [trace] t=  5.0s idx=0 pos=(-14.9,-0.7,-1.2)
    [trace] t=  5.5s idx=0 pos=(-15.0,-0.6,-1.2)
    [trace] t=  6.0s idx=0 pos=(-15.5,-0.4,-1.1)
    [trace] t=  6.5s idx=0 pos=(-16.6,-0.1,-1.1)
    [trace] t=  7.0s idx=0 pos=(-18.3,+0.1,-1.1)
    [trace] t=  7.5s idx=0 pos=(-20.5,+0.2,-1.1)
    [trace] t=  8.0s idx=0 pos=(-22.7,+0.1,-1.2)
  gate idx -> 1  t=  8.3s  pos=(-23.8, -0.2, -1.2)
[pilot] TARGET gate 1/5
    [trace] t=  8.5s idx=1 pos=(-24.4,-0.3,-0.8)
    [trace] t=  9.0s idx=1 pos=(-26.0,-0.7,+1.6)
    [trace] t=  9.5s idx=1 pos=(-26.6,-1.1,+4.4)
    [trace] t= 10.1s idx=1 pos=(-24.7,-1.4,+4.3)
    [trace] t= 10.6s idx=1 pos=(-22.1,-1.7,+4.0)
    [trace] t= 11.1s idx=1 pos=(-19.6,-2.0,+3.9)
    [trace] t= 11.6s idx=1 pos=(-17.1,-2.4,+3.9)
    [trace] t= 12.1s idx=1 pos=(-15.4,-2.8,+4.0)
    [trace] t= 12.6s idx=1 pos=(-14.5,-3.3,+4.0)
    [trace] t= 13.1s idx=1 pos=(-14.8,-3.7,+4.1)
    [trace] t= 13.6s idx=1 pos=(-16.5,-4.0,+4.2)
    [trace] t= 14.1s idx=1 pos=(-19.6,-4.0,+4.1)
    [trace] t= 14.6s idx=1 pos=(-23.2,-3.6,+4.0)
    [trace] t= 15.1s idx=1 pos=(-26.4,-2.8,+3.9)
    [trace] t= 15.6s idx=1 pos=(-28.8,-1.9,+4.0)
    [trace] t= 16.1s idx=1 pos=(-30.2,-1.0,+4.0)
    [trace] t= 16.6s idx=1 pos=(-30.5,-0.4,+4.1)
    [trace] t= 17.1s idx=1 pos=(-29.8,-0.3,+4.0)
    [trace] t= 17.6s idx=1 pos=(-28.8,-0.9,+4.0)
    [trace] t= 18.1s idx=1 pos=(-27.6,-2.2,+4.0)
    [trace] t= 18.6s idx=1 pos=(-26.9,-3.6,+3.9)
    [trace] t= 19.1s idx=1 pos=(-26.9,-4.9,+4.0)
    [trace] t= 19.6s idx=1 pos=(-28.0,-6.0,+4.1)
    [trace] t= 20.1s idx=1 pos=(-30.3,-6.2,+4.1)
    [trace] t= 20.6s idx=1 pos=(-33.4,-5.4,+4.1)
    [trace] t= 21.1s idx=1 pos=(-36.6,-3.9,+4.0)
    [trace] t= 21.6s idx=1 pos=(-39.1,-2.0,+3.9)
    [trace] t= 22.1s idx=1 pos=(-40.9,-0.1,+4.0)
    [trace] t= 22.6s idx=1 pos=(-41.7,+1.5,+4.0)
    [trace] t= 23.1s idx=1 pos=(-41.4,+2.3,+4.1)
    [trace] t= 23.6s idx=1 pos=(-40.6,+2.1,+4.1)
    [trace] t= 24.1s idx=1 pos=(-39.6,+0.7,+4.1)
    [trace] t= 24.6s idx=1 pos=(-38.7,-1.7,+4.0)
    [trace] t= 25.1s idx=1 pos=(-38.6,-4.3,+4.0)
    [trace] t= 25.6s idx=1 pos=(-39.4,-7.0,+4.0)
    [trace] t= 26.1s idx=1 pos=(-41.4,-9.2,+4.1)
    [trace] t= 26.6s idx=1 pos=(-44.3,-10.8,+4.0)
    [trace] t= 27.1s idx=1 pos=(-47.4,-11.4,+4.0)
    [trace] t= 27.6s idx=1 pos=(-49.8,-10.7,+4.1)
    [trace] t= 28.1s idx=1 pos=(-51.0,-8.6,+4.3)
    [trace] t= 28.6s idx=1 pos=(-50.3,-5.3,+4.3)
    [trace] t= 29.2s idx=1 pos=(-47.8,-1.4,+4.2)
    [trace] t= 29.7s idx=1 pos=(-44.4,+2.2,+4.0)
    [trace] t= 30.2s idx=1 pos=(-40.6,+5.4,+3.9)
    [trace] t= 30.7s idx=1 pos=(-37.0,+7.8,+3.9)
    [trace] t= 31.2s idx=1 pos=(-33.9,+9.1,+4.0)
    [trace] t= 31.7s idx=1 pos=(-31.1,+9.2,+4.1)
    [trace] t= 32.2s idx=1 pos=(-29.5,+7.7,+4.2)
    [trace] t= 32.7s idx=1 pos=(-28.9,+4.5,+4.2)
    [trace] t= 33.2s idx=1 pos=(-30.0,+0.9,+4.2)
    [trace] t= 33.7s idx=1 pos=(-32.8,-3.0,+4.2)
    [trace] t= 34.2s idx=1 pos=(-36.6,-6.4,+4.0)
    [trace] t= 34.7s idx=1 pos=(-40.4,-9.2,+3.9)
    [trace] t= 35.2s idx=1 pos=(-43.7,-11.1,+3.9)
    [trace] t= 35.7s idx=1 pos=(-45.9,-11.9,+4.2)
    [trace] t= 36.2s idx=1 pos=(-46.5,-11.0,+4.4)
    [trace] t= 36.7s idx=1 pos=(-45.3,-8.0,+4.5)
    [trace] t= 37.2s idx=1 pos=(-42.7,-3.6,+4.2)
    [trace] t= 37.7s idx=1 pos=(-39.6,+0.8,+4.0)
    [trace] t= 38.2s idx=1 pos=(-36.3,+4.9,+3.9)
    [trace] t= 38.7s idx=1 pos=(-33.4,+8.3,+3.9)
    [trace] t= 39.2s idx=1 pos=(-30.8,+11.0,+3.9)
    [trace] t= 39.7s idx=1 pos=(-28.9,+12.4,+4.1)
    [trace] t= 40.2s idx=1 pos=(-27.8,+12.2,+4.2)
    [trace] t= 40.7s idx=1 pos=(-27.9,+10.2,+4.3)
    [trace] t= 41.2s idx=1 pos=(-29.6,+6.5,+4.4)
    [trace] t= 41.7s idx=1 pos=(-32.7,+2.1,+4.2)
    [trace] t= 42.2s idx=1 pos=(-36.4,-2.3,+4.0)
    [trace] t= 42.7s idx=1 pos=(-39.9,-6.1,+3.9)
    [trace] t= 43.2s idx=1 pos=(-42.9,-9.1,+3.9)
    [trace] t= 43.7s idx=1 pos=(-45.2,-11.2,+4.0)
    [trace] t= 44.2s idx=1 pos=(-46.4,-11.9,+4.2)
    [trace] t= 44.7s idx=1 pos=(-46.6,-10.9,+4.3)
    [trace] t= 45.2s idx=1 pos=(-45.4,-7.6,+4.3)
    [trace] t= 45.7s idx=1 pos=(-43.7,-3.5,+4.1)
    [trace] t= 46.2s idx=1 pos=(-41.7,+0.9,+3.9)
    [trace] t= 46.7s idx=1 pos=(-39.9,+4.9,+3.9)
    [trace] t= 47.2s idx=1 pos=(-38.4,+8.2,+3.9)
    [trace] t= 47.7s idx=1 pos=(-37.4,+10.7,+4.0)
    [trace] t= 48.2s idx=1 pos=(-37.2,+12.1,+4.1)
    [trace] t= 48.7s idx=1 pos=(-38.1,+11.9,+4.2)
    [trace] t= 49.2s idx=1 pos=(-39.9,+9.8,+4.3)
    [trace] t= 49.8s idx=1 pos=(-42.3,+6.3,+4.2)
    [trace] t= 50.3s idx=1 pos=(-44.8,+2.3,+4.0)
  !! COLLISION {'id': 1001, 'threat_level': 2, 'delta': 8.490776062011719}
    [trace] t= 50.8s idx=1 pos=(-46.8,-0.8,+3.8)
    [trace] t= 51.3s idx=1 pos=(-46.8,+0.3,+3.9)
    [trace] t= 51.8s idx=1 pos=(-47.0,+0.7,+4.1)
    [trace] t= 52.3s idx=1 pos=(-47.3,+0.1,+4.0)
    [trace] t= 52.8s idx=1 pos=(-47.6,-1.3,+4.0)
    [trace] t= 53.3s idx=1 pos=(-48.0,-3.4,+4.0)
    [trace] t= 53.8s idx=1 pos=(-48.6,-5.6,+3.9)
    [trace] t= 54.3s idx=1 pos=(-49.4,-7.6,+3.9)
    [trace] t= 54.8s idx=1 pos=(-50.3,-9.0,+4.0)
    [trace] t= 55.3s idx=1 pos=(-51.4,-9.6,+4.0)
    [trace] t= 55.8s idx=1 pos=(-52.4,-9.0,+4.1)
    [trace] t= 56.3s idx=1 pos=(-53.0,-6.8,+4.2)
    [trace] t= 56.8s idx=1 pos=(-52.6,-3.3,+4.2)
    [trace] t= 57.3s idx=1 pos=(-51.0,+0.8,+4.1)
    [trace] t= 57.8s idx=1 pos=(-48.4,+5.0,+4.0)
    [trace] t= 58.3s idx=1 pos=(-45.5,+8.6,+3.9)
    [trace] t= 58.8s idx=1 pos=(-42.5,+11.6,+3.9)
    [trace] t= 59.3s idx=1 pos=(-39.7,+13.9,+3.9)
    [trace] t= 59.8s idx=1 pos=(-37.5,+14.9,+4.1)
    [trace] t= 60.3s idx=1 pos=(-36.2,+14.3,+4.2)
    [trace] t= 60.8s idx=1 pos=(-36.0,+12.0,+4.3)
    [trace] t= 61.3s idx=1 pos=(-37.5,+8.2,+4.3)
    [trace] t= 61.8s idx=1 pos=(-40.3,+3.8,+4.2)
    [trace] t= 62.3s idx=1 pos=(-43.8,-0.5,+4.0)
  !! COLLISION {'id': 1001, 'threat_level': 2, 'delta': 6.378044128417969}
    [trace] t= 62.8s idx=1 pos=(-46.5,-3.7,+3.8)
    [trace] t= 63.3s idx=1 pos=(-45.5,-4.5,+3.9)
    [trace] t= 63.8s idx=1 pos=(-44.5,-4.7,+4.0)
    [trace] t= 64.3s idx=1 pos=(-44.0,-4.1,+4.0)
    [trace] t= 64.8s idx=1 pos=(-44.2,-3.0,+4.0)
    [trace] t= 65.3s idx=1 pos=(-45.2,-1.6,+4.0)
    [trace] t= 65.8s idx=1 pos=(-46.9,-0.3,+4.0)
    [trace] t= 66.3s idx=1 pos=(-48.4,+0.5,+3.9)
    [trace] t= 66.8s idx=1 pos=(-49.7,+0.8,+4.0)
    [trace] t= 67.3s idx=1 pos=(-49.8,+0.3,+4.1)
    [trace] t= 67.8s idx=1 pos=(-48.7,-1.1,+4.2)
  !! COLLISION {'id': 1001, 'threat_level': 1, 'delta': 0.11039342731237411}

STALLED: no progress for 60s; reached gate 1 of 6.
