Waiting for heartbeat...
Connected to system: 1
Setting up MAVLink rx...
Setting up Timesync loop...
[setup] vision/color detector disabled (config.ENABLE_VISION=False)
[pilot] waypoint-yaw-steer init; waiting for armed + track data
resetting sim for a clean start...
[pilot] no live track data — using known Round-1 gates
[pilot] TARGET gate 0/5
    [trace] t=  0.0s idx=0 pos=(-0.0,+0.0,+0.0)
  gate idx -> 0  t=  0.0s  pos=(-0.0, 0.0, 0.0)
    [trace] t=  0.5s idx=0 pos=(-0.6,-0.0,-0.6)
    [trace] t=  1.0s idx=0 pos=(-2.0,-0.0,-1.0)
    [trace] t=  1.5s idx=0 pos=(-4.4,-0.0,-1.1)
    [trace] t=  2.0s idx=0 pos=(-7.1,-0.1,-1.2)
    [trace] t=  2.5s idx=0 pos=(-9.7,-0.2,-1.3)
    [trace] t=  3.0s idx=0 pos=(-11.9,-0.3,-1.3)
    [trace] t=  3.5s idx=0 pos=(-13.5,-0.5,-1.3)
    [trace] t=  4.0s idx=0 pos=(-14.4,-0.7,-1.3)
    [trace] t=  4.5s idx=0 pos=(-14.7,-0.8,-1.3)
    [trace] t=  5.0s idx=0 pos=(-14.7,-0.8,-1.3)
    [trace] t=  5.5s idx=0 pos=(-14.8,-0.6,-1.3)
    [trace] t=  6.0s idx=0 pos=(-15.3,-0.4,-1.3)
    [trace] t=  6.5s idx=0 pos=(-16.5,-0.1,-1.3)
    [trace] t=  7.0s idx=0 pos=(-18.3,+0.2,-1.3)
    [trace] t=  7.5s idx=0 pos=(-20.5,+0.2,-1.3)
    [trace] t=  8.0s idx=0 pos=(-22.7,+0.1,-1.3)
  gate idx -> 1  t=  8.3s  pos=(-23.8, -0.2, -1.3)
[pilot] TARGET gate 1/5
    [trace] t=  8.6s idx=1 pos=(-24.4,-0.3,-1.1)
    [trace] t=  9.1s idx=1 pos=(-26.1,-0.7,+1.4)
    [trace] t=  9.6s idx=1 pos=(-26.6,-1.2,+3.1)
    [trace] t= 10.1s idx=1 pos=(-26.1,-1.7,+3.6)
    [trace] t= 10.6s idx=1 pos=(-25.3,-2.0,+3.8)
    [trace] t= 11.1s idx=1 pos=(-24.6,-2.2,+3.8)
    [trace] t= 11.6s idx=1 pos=(-24.4,-2.2,+3.8)
    [trace] t= 12.1s idx=1 pos=(-25.0,-2.2,+3.9)
    [trace] t= 12.6s idx=1 pos=(-26.7,-2.2,+3.9)
    [trace] t= 13.1s idx=1 pos=(-29.1,-2.1,+3.9)
    [trace] t= 13.6s idx=1 pos=(-32.1,-1.9,+3.8)
    [trace] t= 14.1s idx=1 pos=(-34.8,-1.6,+3.8)
    [trace] t= 14.6s idx=1 pos=(-36.9,-1.3,+3.8)
    [trace] t= 15.1s idx=1 pos=(-38.3,-0.9,+3.8)
    [trace] t= 15.6s idx=1 pos=(-39.0,-0.6,+3.8)
    [trace] t= 16.1s idx=1 pos=(-39.0,-0.7,+3.8)
    [trace] t= 16.6s idx=1 pos=(-38.7,-1.1,+3.8)
    [trace] t= 17.1s idx=1 pos=(-38.5,-1.8,+3.8)
    [trace] t= 17.6s idx=1 pos=(-38.8,-2.9,+3.8)
    [trace] t= 18.1s idx=1 pos=(-39.8,-3.7,+3.9)
    [trace] t= 18.6s idx=1 pos=(-41.9,-4.3,+3.9)
    [trace] t= 19.1s idx=1 pos=(-44.4,-4.2,+3.9)
  !! COLLISION {'id': 1001, 'threat_level': 2, 'delta': 5.033174991607666}
    [trace] t= 19.6s idx=1 pos=(-46.6,-3.4,+3.8)
    [trace] t= 20.1s idx=1 pos=(-45.8,-2.8,+3.8)
    [trace] t= 20.6s idx=1 pos=(-44.9,-1.8,+3.8)
    [trace] t= 21.1s idx=1 pos=(-44.4,-0.7,+3.8)
    [trace] t= 21.6s idx=1 pos=(-44.4,+0.1,+3.8)
    [trace] t= 22.1s idx=1 pos=(-45.0,+0.2,+3.9)
    [trace] t= 22.6s idx=1 pos=(-46.3,-0.5,+3.9)
  !! COLLISION {'id': 1001, 'threat_level': 1, 'delta': 0.9953774213790894}
    [trace] t= 23.1s idx=1 pos=(-47.9,-1.5,+3.7)
    [trace] t= 23.6s idx=1 pos=(-49.5,-2.5,+3.9)
    [trace] t= 24.1s idx=1 pos=(-51.6,-3.8,+3.9)
    [trace] t= 24.6s idx=1 pos=(-53.6,-4.4,+3.8)
    [trace] t= 25.1s idx=1 pos=(-55.4,-4.2,+3.9)
    [trace] t= 25.6s idx=1 pos=(-55.9,-2.7,+4.0)
    [trace] t= 26.1s idx=1 pos=(-54.4,+0.1,+4.2)
    [trace] t= 26.6s idx=1 pos=(-50.8,+3.4,+4.2)
    [trace] t= 27.2s idx=1 pos=(-46.2,+6.6,+4.0)
    [trace] t= 27.7s idx=1 pos=(-41.3,+9.2,+3.9)
    [trace] t= 28.2s idx=1 pos=(-36.7,+11.1,+3.8)
    [trace] t= 28.7s idx=1 pos=(-32.6,+12.0,+3.8)
    [trace] t= 29.2s idx=1 pos=(-29.1,+11.5,+3.9)
    [trace] t= 29.7s idx=1 pos=(-26.4,+9.3,+4.0)
    [trace] t= 30.2s idx=1 pos=(-24.8,+6.2,+3.9)
    [trace] t= 30.7s idx=1 pos=(-24.5,+2.5,+3.9)
    [trace] t= 31.2s idx=1 pos=(-25.8,-0.7,+4.0)
    [trace] t= 31.7s idx=1 pos=(-29.2,-4.0,+4.0)
    [trace] t= 32.2s idx=1 pos=(-33.2,-6.3,+3.9)
    [trace] t= 32.7s idx=1 pos=(-36.9,-7.6,+3.9)
    [trace] t= 33.2s idx=1 pos=(-40.1,-7.9,+3.9)
    [trace] t= 33.7s idx=1 pos=(-41.9,-6.6,+4.0)
    [trace] t= 34.2s idx=1 pos=(-42.2,-4.0,+4.0)
    [trace] t= 34.7s idx=1 pos=(-41.3,-0.7,+4.0)
    [trace] t= 35.2s idx=1 pos=(-39.4,+2.7,+3.9)
    [trace] t= 35.7s idx=1 pos=(-37.2,+5.8,+3.8)
    [trace] t= 36.2s idx=1 pos=(-35.2,+8.1,+3.8)
    [trace] t= 36.7s idx=1 pos=(-33.5,+9.4,+3.9)
    [trace] t= 37.2s idx=1 pos=(-32.4,+9.5,+4.0)
    [trace] t= 37.7s idx=1 pos=(-32.3,+8.0,+4.1)
    [trace] t= 38.2s idx=1 pos=(-33.7,+5.0,+4.1)
    [trace] t= 38.7s idx=1 pos=(-36.5,+1.2,+4.1)
    [trace] t= 39.2s idx=1 pos=(-39.9,-2.7,+3.9)
    [trace] t= 39.7s idx=1 pos=(-43.4,-6.1,+3.8)
    [trace] t= 40.2s idx=1 pos=(-46.3,-8.9,+3.8)
    [trace] t= 40.7s idx=1 pos=(-48.4,-10.7,+3.9)
    [trace] t= 41.2s idx=1 pos=(-49.4,-11.1,+4.0)
    [trace] t= 41.7s idx=1 pos=(-48.8,-9.8,+4.2)
    [trace] t= 42.2s idx=1 pos=(-46.8,-6.4,+4.2)
    [trace] t= 42.7s idx=1 pos=(-44.2,-2.2,+4.0)
    [trace] t= 43.2s idx=1 pos=(-41.1,+2.4,+3.9)
    [trace] t= 43.7s idx=1 pos=(-38.5,+6.3,+3.8)
    [trace] t= 44.2s idx=1 pos=(-36.2,+9.5,+3.8)
    [trace] t= 44.7s idx=1 pos=(-34.4,+11.9,+3.8)
    [trace] t= 45.3s idx=1 pos=(-33.3,+13.0,+3.9)
    [trace] t= 45.8s idx=1 pos=(-33.3,+12.4,+4.1)
    [trace] t= 46.3s idx=1 pos=(-34.6,+9.8,+4.2)
    [trace] t= 46.8s idx=1 pos=(-37.3,+5.8,+4.2)
    [trace] t= 47.3s idx=1 pos=(-40.7,+1.2,+4.0)
    [trace] t= 47.8s idx=1 pos=(-44.0,-3.0,+3.8)
    [trace] t= 48.3s idx=1 pos=(-47.1,-6.9,+3.8)
    [trace] t= 48.8s idx=1 pos=(-49.3,-9.7,+3.8)
    [trace] t= 49.3s idx=1 pos=(-50.7,-11.4,+3.9)
    [trace] t= 49.8s idx=1 pos=(-51.1,-11.5,+4.0)
    [trace] t= 50.3s idx=1 pos=(-50.3,-9.7,+4.2)
    [trace] t= 50.8s idx=1 pos=(-48.4,-6.0,+4.1)
  !! COLLISION {'id': 1001, 'threat_level': 2, 'delta': 2.6256439685821533}
    [trace] t= 51.3s idx=1 pos=(-47.4,-1.7,+4.0)
    [trace] t= 51.8s idx=1 pos=(-47.6,+2.2,+3.9)
    [trace] t= 52.3s idx=1 pos=(-47.1,+5.8,+3.8)
    [trace] t= 52.8s idx=1 pos=(-46.2,+9.0,+3.8)
    [trace] t= 53.3s idx=1 pos=(-45.2,+11.2,+3.8)
    [trace] t= 53.8s idx=1 pos=(-44.3,+12.7,+3.9)
    [trace] t= 54.3s idx=1 pos=(-43.9,+12.8,+3.9)
    [trace] t= 54.8s idx=1 pos=(-44.2,+11.3,+4.1)
    [trace] t= 55.3s idx=1 pos=(-45.5,+8.0,+4.1)
    [trace] t= 55.8s idx=1 pos=(-47.5,+3.8,+4.0)
    [trace] t= 56.3s idx=1 pos=(-49.6,-0.2,+3.9)
    [trace] t= 56.8s idx=1 pos=(-51.6,-4.1,+3.8)
    [trace] t= 57.3s idx=1 pos=(-53.2,-7.5,+3.8)
    [trace] t= 57.8s idx=1 pos=(-53.9,-9.7,+3.9)
    [trace] t= 58.3s idx=1 pos=(-53.5,-10.6,+4.0)
    [trace] t= 58.8s idx=1 pos=(-52.0,-9.9,+4.0)
    [trace] t= 59.3s idx=1 pos=(-50.0,-7.6,+4.0)
    [trace] t= 59.8s idx=1 pos=(-48.0,-4.2,+4.0)
  !! COLLISION {'id': 1001, 'threat_level': 2, 'delta': 6.694131374359131}
    [trace] t= 60.3s idx=1 pos=(-46.1,-2.2,+3.7)
    [trace] t= 60.8s idx=1 pos=(-44.9,-2.6,+3.9)
    [trace] t= 61.3s idx=1 pos=(-44.1,-3.1,+3.8)
    [trace] t= 61.8s idx=1 pos=(-44.0,-3.9,+3.9)
    [trace] t= 62.3s idx=1 pos=(-44.9,-4.8,+3.9)
    [trace] t= 62.8s idx=1 pos=(-47.0,-5.7,+3.9)
    [trace] t= 63.3s idx=1 pos=(-49.7,-5.9,+3.9)
    [trace] t= 63.9s idx=1 pos=(-52.3,-5.2,+3.9)
    [trace] t= 64.4s idx=1 pos=(-54.1,-3.4,+3.9)
    [trace] t= 64.9s idx=1 pos=(-54.4,-0.9,+4.0)
    [trace] t= 65.4s idx=1 pos=(-52.5,+2.0,+4.1)
    [trace] t= 65.9s idx=1 pos=(-48.4,+4.9,+4.1)
    [trace] t= 66.4s idx=1 pos=(-43.7,+6.9,+4.0)
    [trace] t= 66.9s idx=1 pos=(-38.7,+8.2,+3.9)
    [trace] t= 67.4s idx=1 pos=(-33.8,+8.4,+3.9)
    [trace] t= 67.9s idx=1 pos=(-29.8,+7.3,+3.9)

STALLED: no progress for 60s; reached gate 1 of 6.
