Waiting for heartbeat...
Connected to system: 1
Setting up MAVLink rx...
Setting up Timesync loop...
[setup] vision/color detector disabled (config.ENABLE_VISION=False)
[pilot] waypoint-yaw-steer init; waiting for armed + track data
resetting sim for a clean start...
[pilot] no live track data — using known Round-1 gates
[pilot] TARGET gate 0/5
    [trace] t=  0.0s idx=0 pos=(-0.0,+0.0,+0.0)
  gate idx -> 0  t=  0.0s  pos=(-0.0, 0.0, 0.0)
    [trace] t=  0.5s idx=0 pos=(-0.8,-0.0,-0.9)
    [trace] t=  1.0s idx=0 pos=(-2.3,-0.0,-1.3)
    [trace] t=  1.5s idx=0 pos=(-4.3,-0.0,-1.2)
    [trace] t=  2.0s idx=0 pos=(-7.0,-0.1,-1.1)
    [trace] t=  2.5s idx=0 pos=(-9.8,-0.2,-1.2)
    [trace] t=  3.0s idx=0 pos=(-12.4,-0.3,-1.2)
    [trace] t=  3.5s idx=0 pos=(-14.1,-0.5,-1.1)
    [trace] t=  4.0s idx=0 pos=(-15.3,-0.7,-1.1)
    [trace] t=  4.5s idx=0 pos=(-15.8,-0.8,-1.1)
    [trace] t=  5.0s idx=0 pos=(-15.9,-0.8,-1.2)
    [trace] t=  5.5s idx=0 pos=(-16.0,-0.7,-1.2)
    [trace] t=  6.0s idx=0 pos=(-16.4,-0.4,-1.1)
    [trace] t=  6.5s idx=0 pos=(-17.3,-0.1,-1.1)
    [trace] t=  7.0s idx=0 pos=(-19.0,+0.1,-1.1)
    [trace] t=  7.5s idx=0 pos=(-21.1,+0.3,-1.1)
  !! COLLISION {'id': 1001, 'threat_level': 2, 'delta': 1.1904083490371704}
    [trace] t=  8.0s idx=0 pos=(-23.2,+0.1,-1.2)
  gate idx -> 1  t=  8.1s  pos=(-23.3, 0.1, -1.2)
[pilot] TARGET gate 1/5
    [trace] t=  8.5s idx=1 pos=(-24.4,-0.5,-0.4)
    [trace] t=  9.0s idx=1 pos=(-25.4,-1.0,+2.5)
    [trace] t=  9.6s idx=1 pos=(-25.6,-1.8,+4.6)
    [trace] t= 10.1s idx=1 pos=(-24.4,-2.7,+4.1)
    [trace] t= 10.6s idx=1 pos=(-23.3,-3.3,+3.9)
    [trace] t= 11.1s idx=1 pos=(-22.3,-3.6,+3.9)
    [trace] t= 11.6s idx=1 pos=(-22.0,-3.6,+4.0)
    [trace] t= 12.1s idx=1 pos=(-22.7,-3.2,+4.0)
    [trace] t= 12.6s idx=1 pos=(-24.6,-2.7,+4.1)
    [trace] t= 13.1s idx=1 pos=(-27.3,-2.1,+4.0)
    [trace] t= 13.6s idx=1 pos=(-30.5,-1.4,+3.9)
    [trace] t= 14.1s idx=1 pos=(-33.1,-0.9,+3.9)
    [trace] t= 14.6s idx=1 pos=(-35.2,-0.4,+4.0)
    [trace] t= 15.1s idx=1 pos=(-36.5,-0.2,+4.0)
    [trace] t= 15.6s idx=1 pos=(-36.9,-0.2,+4.0)
    [trace] t= 16.1s idx=1 pos=(-36.6,-0.8,+4.0)
    [trace] t= 16.6s idx=1 pos=(-36.1,-1.8,+3.9)
    [trace] t= 17.1s idx=1 pos=(-35.7,-2.9,+3.9)
    [trace] t= 17.6s idx=1 pos=(-35.9,-4.1,+4.0)
    [trace] t= 18.1s idx=1 pos=(-36.9,-4.9,+4.0)
    [trace] t= 18.6s idx=1 pos=(-38.9,-5.2,+4.1)
    [trace] t= 19.1s idx=1 pos=(-41.7,-4.6,+4.1)
    [trace] t= 19.6s idx=1 pos=(-44.8,-3.0,+4.0)
  !! COLLISION {'id': 1001, 'threat_level': 2, 'delta': 4.122777462005615}
    [trace] t= 20.1s idx=1 pos=(-46.5,-1.5,+3.9)
    [trace] t= 20.6s idx=1 pos=(-45.5,-0.9,+4.0)
    [trace] t= 21.1s idx=1 pos=(-43.9,-0.4,+4.0)
    [trace] t= 21.6s idx=1 pos=(-42.1,-0.5,+4.0)
    [trace] t= 22.1s idx=1 pos=(-40.6,-1.3,+4.0)
    [trace] t= 22.6s idx=1 pos=(-39.5,-2.8,+4.0)
    [trace] t= 23.1s idx=1 pos=(-39.3,-4.6,+4.0)
    [trace] t= 23.6s idx=1 pos=(-40.4,-6.2,+4.1)
    [trace] t= 24.1s idx=1 pos=(-42.9,-7.6,+4.1)
    [trace] t= 24.6s idx=1 pos=(-46.1,-8.1,+4.0)
    [trace] t= 25.1s idx=1 pos=(-49.4,-7.6,+4.0)
    [trace] t= 25.6s idx=1 pos=(-51.7,-6.0,+4.1)
    [trace] t= 26.1s idx=1 pos=(-52.7,-3.3,+4.2)
  gate idx -> 0  t= 26.5s  pos=(-52.2, -1.2, 4.3)
[pilot] TARGET gate 0/5
    [trace] t= 26.6s idx=0 pos=(-52.2,-1.2,+4.3)
    [trace] t= 27.1s idx=0 pos=(-0.4,-0.0,-0.6)
    [trace] t= 27.6s idx=0 pos=(-1.8,-0.0,-1.4)
    [trace] t= 28.1s idx=0 pos=(-3.6,-0.0,-1.4)
    [trace] t= 28.7s idx=0 pos=(-6.0,-0.1,-1.2)
    [trace] t= 29.2s idx=0 pos=(-8.7,-0.1,-1.1)
    [trace] t= 29.7s idx=0 pos=(-11.2,-0.3,-1.2)
    [trace] t= 30.2s idx=0 pos=(-13.0,-0.4,-1.2)
    [trace] t= 30.7s idx=0 pos=(-14.3,-0.6,-1.1)
    [trace] t= 31.2s idx=0 pos=(-14.9,-0.7,-1.1)
    [trace] t= 31.7s idx=0 pos=(-15.1,-0.8,-1.2)
    [trace] t= 32.2s idx=0 pos=(-15.2,-0.7,-1.2)
    [trace] t= 32.7s idx=0 pos=(-15.4,-0.5,-1.2)
    [trace] t= 33.2s idx=0 pos=(-16.1,-0.2,-1.1)
    [trace] t= 33.7s idx=0 pos=(-17.7,+0.1,-1.1)
    [trace] t= 34.2s idx=0 pos=(-19.7,+0.2,-1.1)
    [trace] t= 34.7s idx=0 pos=(-21.9,+0.1,-1.2)
  gate idx -> 1  t= 35.2s  pos=(-23.8, -0.2, -1.2)
[pilot] TARGET gate 1/5
    [trace] t= 35.2s idx=1 pos=(-23.8,-0.2,-1.2)
    [trace] t= 35.7s idx=1 pos=(-25.6,-0.6,+0.5)
    [trace] t= 36.2s idx=1 pos=(-26.8,-1.0,+3.6)
    [trace] t= 36.7s idx=1 pos=(-25.7,-1.3,+4.5)
    [trace] t= 37.2s idx=1 pos=(-23.3,-1.4,+4.1)
    [trace] t= 37.7s idx=1 pos=(-20.5,-1.6,+3.9)
    [trace] t= 38.2s idx=1 pos=(-18.1,-1.9,+3.9)
    [trace] t= 38.7s idx=1 pos=(-15.9,-2.3,+4.0)
    [trace] t= 39.2s idx=1 pos=(-14.6,-2.8,+4.0)
    [trace] t= 39.7s idx=1 pos=(-14.2,-3.4,+4.0)
    [trace] t= 40.2s idx=1 pos=(-15.2,-3.8,+4.1)
    [trace] t= 40.7s idx=1 pos=(-17.9,-4.0,+4.1)
    [trace] t= 41.2s idx=1 pos=(-21.3,-3.8,+4.0)
    [trace] t= 41.7s idx=1 pos=(-25.0,-3.1,+3.9)
    [trace] t= 42.2s idx=1 pos=(-27.9,-2.2,+3.9)
    [trace] t= 42.7s idx=1 pos=(-30.0,-1.2,+4.0)
    [trace] t= 43.2s idx=1 pos=(-30.9,-0.4,+4.1)
    [trace] t= 43.7s idx=1 pos=(-30.6,-0.1,+4.1)
    [trace] t= 44.2s idx=1 pos=(-29.7,-0.4,+4.0)
    [trace] t= 44.7s idx=1 pos=(-28.3,-1.5,+4.0)
    [trace] t= 45.2s idx=1 pos=(-27.2,-2.9,+3.9)
    [trace] t= 45.7s idx=1 pos=(-26.4,-4.5,+3.9)
    [trace] t= 46.2s idx=1 pos=(-26.5,-5.8,+4.0)
    [trace] t= 46.7s idx=1 pos=(-27.8,-6.5,+4.1)
    [trace] t= 47.2s idx=1 pos=(-30.4,-6.2,+4.2)
    [trace] t= 47.7s idx=1 pos=(-33.6,-5.0,+4.1)
    [trace] t= 48.2s idx=1 pos=(-36.8,-3.1,+3.9)
    [trace] t= 48.8s idx=1 pos=(-39.1,-1.1,+3.9)
    [trace] t= 49.3s idx=1 pos=(-40.7,+0.8,+4.0)
    [trace] t= 49.8s idx=1 pos=(-41.1,+2.1,+4.1)
    [trace] t= 50.3s idx=1 pos=(-40.5,+2.6,+4.1)
    [trace] t= 50.8s idx=1 pos=(-39.5,+2.0,+4.1)
    [trace] t= 51.3s idx=1 pos=(-38.3,+0.2,+4.0)
    [trace] t= 51.8s idx=1 pos=(-37.5,-2.2,+4.0)
    [trace] t= 52.3s idx=1 pos=(-37.4,-5.0,+4.0)
    [trace] t= 52.8s idx=1 pos=(-38.2,-7.5,+4.0)
    [trace] t= 53.3s idx=1 pos=(-40.5,-9.7,+4.1)
    [trace] t= 53.8s idx=1 pos=(-43.6,-11.0,+4.0)
    [trace] t= 54.3s idx=1 pos=(-46.6,-11.3,+4.0)
    [trace] t= 54.8s idx=1 pos=(-49.1,-10.2,+4.1)
    [trace] t= 55.3s idx=1 pos=(-50.2,-7.8,+4.2)
    [trace] t= 55.8s idx=1 pos=(-49.5,-4.2,+4.2)
    [trace] t= 56.3s idx=1 pos=(-47.3,-0.7,+4.1)
    [trace] t= 56.8s idx=1 pos=(-44.0,+3.1,+4.0)
    [trace] t= 57.3s idx=1 pos=(-40.8,+5.8,+3.9)
    [trace] t= 57.8s idx=1 pos=(-37.4,+8.0,+3.9)
    [trace] t= 58.3s idx=1 pos=(-34.8,+9.0,+4.0)
    [trace] t= 58.8s idx=1 pos=(-32.5,+8.6,+4.1)
    [trace] t= 59.3s idx=1 pos=(-31.3,+6.5,+4.2)
    [trace] t= 59.8s idx=1 pos=(-31.4,+3.2,+4.2)
    [trace] t= 60.3s idx=1 pos=(-33.2,-0.7,+4.2)
    [trace] t= 60.8s idx=1 pos=(-36.5,-4.5,+4.1)
    [trace] t= 61.3s idx=1 pos=(-40.5,-8.1,+3.9)
    [trace] t= 61.8s idx=1 pos=(-43.9,-10.6,+3.9)
    [trace] t= 62.3s idx=1 pos=(-46.9,-12.4,+4.0)
    [trace] t= 62.8s idx=1 pos=(-48.5,-12.8,+4.2)
    [trace] t= 63.3s idx=1 pos=(-48.3,-11.2,+4.5)
    [trace] t= 63.8s idx=1 pos=(-46.2,-7.8,+4.5)
    [trace] t= 64.3s idx=1 pos=(-42.6,-3.0,+4.2)
    [trace] t= 64.8s idx=1 pos=(-39.1,+1.3,+4.0)
    [trace] t= 65.3s idx=1 pos=(-35.4,+5.5,+3.8)
    [trace] t= 65.8s idx=1 pos=(-32.1,+8.9,+3.9)
    [trace] t= 66.3s idx=1 pos=(-29.5,+11.1,+4.0)
    [trace] t= 66.8s idx=1 pos=(-27.2,+12.3,+4.1)
    [trace] t= 67.4s idx=1 pos=(-26.0,+11.7,+4.2)
    [trace] t= 67.9s idx=1 pos=(-25.9,+9.1,+4.3)
    [trace] t= 68.4s idx=1 pos=(-27.4,+5.5,+4.3)
    [trace] t= 68.9s idx=1 pos=(-30.7,+0.8,+4.2)
    [trace] t= 69.4s idx=1 pos=(-34.4,-3.3,+4.0)
    [trace] t= 69.9s idx=1 pos=(-38.2,-7.2,+3.9)
    [trace] t= 70.4s idx=1 pos=(-41.2,-10.2,+3.9)
    [trace] t= 70.9s idx=1 pos=(-43.4,-12.0,+4.1)
    [trace] t= 71.4s idx=1 pos=(-44.5,-12.4,+4.2)
    [trace] t= 71.9s idx=1 pos=(-44.4,-11.0,+4.3)
    [trace] t= 72.4s idx=1 pos=(-43.1,-7.5,+4.2)
    [trace] t= 72.9s idx=1 pos=(-41.5,-3.7,+4.1)
    [trace] t= 73.4s idx=1 pos=(-39.5,+0.6,+3.9)
    [trace] t= 73.9s idx=1 pos=(-37.8,+4.2,+3.9)
    [trace] t= 74.4s idx=1 pos=(-36.4,+7.4,+3.9)
    [trace] t= 74.9s idx=1 pos=(-35.7,+9.4,+4.0)
    [trace] t= 75.4s idx=1 pos=(-35.8,+10.3,+4.2)
    [trace] t= 75.9s idx=1 pos=(-37.0,+9.5,+4.3)
    [trace] t= 76.4s idx=1 pos=(-39.3,+6.7,+4.3)
    [trace] t= 76.9s idx=1 pos=(-41.9,+3.1,+4.1)
    [trace] t= 77.4s idx=1 pos=(-44.8,-1.2,+3.9)
  !! COLLISION {'id': 1001, 'threat_level': 2, 'delta': 3.161137104034424}
    [trace] t= 77.9s idx=1 pos=(-46.8,-4.9,+3.7)
    [trace] t= 78.4s idx=1 pos=(-47.1,-7.6,+3.7)
    [trace] t= 78.9s idx=1 pos=(-47.2,-11.1,+4.1)
    [trace] t= 79.4s idx=1 pos=(-46.4,-14.9,+4.2)
    [trace] t= 79.9s idx=1 pos=(-44.2,-19.4,+4.1)
    [trace] t= 80.4s idx=1 pos=(-41.6,-23.1,+4.0)
    [trace] t= 80.9s idx=1 pos=(-38.6,-26.6,+3.9)
    [trace] t= 81.4s idx=1 pos=(-36.1,-28.9,+3.9)
    [trace] t= 81.9s idx=1 pos=(-33.9,-30.6,+4.0)
    [trace] t= 82.4s idx=1 pos=(-32.8,-31.0,+4.1)
    [trace] t= 82.9s idx=1 pos=(-32.8,-29.9,+4.3)
    [trace] t= 83.4s idx=1 pos=(-34.6,-27.3,+4.3)
    [trace] t= 83.9s idx=1 pos=(-37.3,-24.0,+4.1)
    [trace] t= 84.4s idx=1 pos=(-40.2,-20.3,+3.9)
    [trace] t= 84.9s idx=1 pos=(-42.4,-17.1,+3.9)
    [trace] t= 85.4s idx=1 pos=(-43.6,-14.1,+4.0)
    [trace] t= 86.0s idx=1 pos=(-43.5,-12.1,+4.1)
    [trace] t= 86.5s idx=1 pos=(-41.9,-10.8,+4.1)
    [trace] t= 87.0s idx=1 pos=(-39.9,-10.5,+4.0)
    [trace] t= 87.5s idx=1 pos=(-37.4,-11.1,+4.0)
    [trace] t= 88.0s idx=1 pos=(-35.4,-12.0,+3.9)
    [trace] t= 88.5s idx=1 pos=(-33.8,-13.1,+3.9)
    [trace] t= 89.0s idx=1 pos=(-33.0,-14.0,+4.0)
    [trace] t= 89.5s idx=1 pos=(-33.5,-14.2,+4.1)
    [trace] t= 90.0s idx=1 pos=(-35.6,-13.5,+4.2)
    [trace] t= 90.5s idx=1 pos=(-38.7,-11.7,+4.2)
    [trace] t= 91.0s idx=1 pos=(-42.1,-9.2,+4.0)
    [trace] t= 91.5s idx=1 pos=(-44.8,-6.7,+3.9)
    [trace] t= 92.0s idx=1 pos=(-46.8,-4.2,+4.0)
  !! COLLISION {'id': 1001, 'threat_level': 2, 'delta': 4.750100612640381}
    [trace] t= 92.5s idx=1 pos=(-46.3,-4.8,+4.2)
    [trace] t= 93.0s idx=1 pos=(-44.3,-6.1,+4.1)
    [trace] t= 93.5s idx=1 pos=(-41.7,-7.3,+4.0)
    [trace] t= 94.0s idx=1 pos=(-38.8,-8.2,+3.9)
    [trace] t= 94.5s idx=1 pos=(-36.5,-8.4,+4.0)
    [trace] t= 95.0s idx=1 pos=(-34.5,-7.9,+4.0)

STALLED: no progress for 60s; reached gate 1 of 6.
