Waiting for heartbeat...
Connected to system: 1
Setting up MAVLink rx...
Setting up Timesync loop...
[setup] vision/color detector disabled (config.ENABLE_VISION=False)
[pilot] waypoint-yaw-steer init; waiting for armed + track data
resetting sim for a clean start...
[pilot] no live track data — using known Round-1 gates
[pilot] TARGET gate 0/5
    [trace] t=  0.0s idx=0 pos=(-0.0,+0.0,+0.0)
  gate idx -> 0  t=  0.0s  pos=(-0.0, 0.0, 0.0)
    [trace] t=  0.5s idx=0 pos=(-0.7,+0.0,-0.8)
    [trace] t=  1.0s idx=0 pos=(-2.2,-0.0,-1.3)
    [trace] t=  1.5s idx=0 pos=(-4.2,-0.0,-1.2)
    [trace] t=  2.0s idx=0 pos=(-7.0,-0.0,-1.1)
    [trace] t=  2.5s idx=0 pos=(-9.4,-0.1,-1.2)
    [trace] t=  3.0s idx=0 pos=(-11.8,-0.2,-1.2)
    [trace] t=  3.5s idx=0 pos=(-13.4,-0.4,-1.1)
    [trace] t=  4.0s idx=0 pos=(-14.4,-0.5,-1.1)
    [trace] t=  4.5s idx=0 pos=(-14.8,-0.6,-1.1)
    [trace] t=  5.0s idx=0 pos=(-14.9,-0.6,-1.2)
    [trace] t=  5.5s idx=0 pos=(-14.9,-0.6,-1.2)
    [trace] t=  6.0s idx=0 pos=(-14.9,-0.6,-1.2)
    [trace] t=  6.5s idx=0 pos=(-14.9,-0.6,-1.2)
    [trace] t=  7.0s idx=0 pos=(-15.0,-0.5,-1.2)
    [trace] t=  7.5s idx=0 pos=(-15.3,-0.3,-1.2)
    [trace] t=  8.0s idx=0 pos=(-16.2,-0.0,-1.1)
    [trace] t=  8.5s idx=0 pos=(-17.7,+0.3,-1.1)
    [trace] t=  9.0s idx=0 pos=(-19.8,+0.4,-1.1)
    [trace] t=  9.5s idx=0 pos=(-22.0,+0.3,-1.2)
  !! COLLISION {'id': 1001, 'threat_level': 2, 'delta': 2.2317779064178467}
    [trace] t= 10.0s idx=0 pos=(-23.3,-0.4,-1.3)
  gate idx -> 1  t= 10.2s  pos=(-23.4, -0.8, -1.2)
[pilot] TARGET gate 1/5
  !! COLLISION {'id': 1001, 'threat_level': 1, 'delta': 0.046176884323358536}
  !! COLLISION {'id': 1001, 'threat_level': 2, 'delta': 2.433462619781494}
    [trace] t= 10.5s idx=1 pos=(-23.6,-0.9,-1.0)
    [trace] t= 11.1s idx=1 pos=(-24.0,-0.7,+1.3)
    [trace] t= 11.6s idx=1 pos=(-24.0,-0.7,+4.3)
    [trace] t= 12.1s idx=1 pos=(-22.9,-1.7,+4.2)
    [trace] t= 12.6s idx=1 pos=(-21.8,-2.8,+3.9)
    [trace] t= 13.1s idx=1 pos=(-21.0,-3.7,+3.9)
    [trace] t= 13.6s idx=1 pos=(-20.9,-4.4,+4.0)
    [trace] t= 14.1s idx=1 pos=(-22.0,-4.5,+4.1)
    [trace] t= 14.6s idx=1 pos=(-24.3,-4.0,+4.1)
    [trace] t= 15.1s idx=1 pos=(-27.3,-3.0,+4.0)
    [trace] t= 15.6s idx=1 pos=(-30.3,-1.7,+3.9)
    [trace] t= 16.1s idx=1 pos=(-32.9,-0.5,+3.9)
    [trace] t= 16.6s idx=1 pos=(-34.6,+0.4,+4.0)
    [trace] t= 17.1s idx=1 pos=(-35.3,+0.6,+4.1)
    [trace] t= 17.6s idx=1 pos=(-35.2,-0.1,+4.1)
    [trace] t= 18.1s idx=1 pos=(-34.5,-1.5,+4.0)
    [trace] t= 18.6s idx=1 pos=(-33.8,-3.3,+3.9)
    [trace] t= 19.1s idx=1 pos=(-33.3,-5.1,+3.9)
    [trace] t= 19.6s idx=1 pos=(-33.5,-6.6,+4.0)
    [trace] t= 20.1s idx=1 pos=(-34.9,-7.5,+4.1)
    [trace] t= 20.6s idx=1 pos=(-37.4,-7.3,+4.1)
    [trace] t= 21.1s idx=1 pos=(-40.4,-5.9,+4.1)
    [trace] t= 21.6s idx=1 pos=(-43.2,-3.8,+4.0)
    [trace] t= 22.1s idx=1 pos=(-45.5,-1.3,+3.9)
    [trace] t= 22.6s idx=1 pos=(-46.6,+1.0,+4.0)
    [trace] t= 23.1s idx=1 pos=(-46.4,+2.9,+4.1)
    [trace] t= 23.6s idx=1 pos=(-44.7,+4.0,+4.1)
    [trace] t= 24.1s idx=1 pos=(-42.3,+4.1,+4.1)
    [trace] t= 24.6s idx=1 pos=(-39.6,+2.9,+4.1)
    [trace] t= 25.1s idx=1 pos=(-36.9,+0.4,+4.0)
    [trace] t= 25.6s idx=1 pos=(-35.1,-2.5,+4.0)
    [trace] t= 26.1s idx=1 pos=(-33.8,-5.7,+4.0)
    [trace] t= 26.6s idx=1 pos=(-33.8,-8.4,+4.0)
    [trace] t= 27.1s idx=1 pos=(-35.3,-10.7,+4.2)
    [trace] t= 27.6s idx=1 pos=(-38.3,-12.1,+4.2)
    [trace] t= 28.1s idx=1 pos=(-42.0,-12.3,+4.1)
    [trace] t= 28.6s idx=1 pos=(-45.3,-11.3,+4.0)
    [trace] t= 29.1s idx=1 pos=(-47.6,-9.1,+4.1)
    [trace] t= 29.6s idx=1 pos=(-48.4,-6.1,+4.1)
    [trace] t= 30.1s idx=1 pos=(-47.6,-3.0,+4.1)
  !! COLLISION {'id': 1001, 'threat_level': 1, 'delta': 0.46348029375076294}
  !! COLLISION {'id': 1001, 'threat_level': 2, 'delta': 7.172013282775879}
    [trace] t= 30.7s idx=1 pos=(-46.7,-2.5,+3.9)
    [trace] t= 31.2s idx=1 pos=(-45.6,-3.2,+4.0)
    [trace] t= 31.7s idx=1 pos=(-43.9,-3.5,+4.0)
    [trace] t= 32.2s idx=1 pos=(-42.1,-3.6,+3.9)
    [trace] t= 32.7s idx=1 pos=(-40.4,-3.6,+3.9)
    [trace] t= 33.2s idx=1 pos=(-39.3,-3.7,+4.0)
    [trace] t= 33.7s idx=1 pos=(-39.0,-4.0,+4.0)
    [trace] t= 34.2s idx=1 pos=(-40.0,-4.6,+4.1)
    [trace] t= 34.7s idx=1 pos=(-42.1,-5.3,+4.1)
    [trace] t= 35.2s idx=1 pos=(-45.4,-5.8,+4.1)
    [trace] t= 35.7s idx=1 pos=(-49.1,-5.6,+4.0)
    [trace] t= 36.2s idx=1 pos=(-52.1,-4.5,+4.0)
    [trace] t= 36.7s idx=1 pos=(-53.8,-2.6,+4.1)
    [trace] t= 37.2s idx=1 pos=(-53.8,-0.2,+4.3)
    [trace] t= 37.7s idx=1 pos=(-51.2,+2.2,+4.5)
    [trace] t= 38.2s idx=1 pos=(-46.2,+4.2,+4.3)
    [trace] t= 38.7s idx=1 pos=(-40.7,+5.3,+4.1)
    [trace] t= 39.2s idx=1 pos=(-34.7,+5.5,+3.9)
    [trace] t= 39.7s idx=1 pos=(-29.6,+4.4,+4.0)
    [trace] t= 40.2s idx=1 pos=(-25.3,+2.2,+4.0)
    [trace] t= 40.7s idx=1 pos=(-21.8,-0.7,+4.0)
    [trace] t= 41.2s idx=1 pos=(-19.0,-3.8,+3.9)
    [trace] t= 41.7s idx=1 pos=(-17.4,-6.5,+4.0)
    [trace] t= 42.2s idx=1 pos=(-17.0,-8.9,+4.1)
    [trace] t= 42.7s idx=1 pos=(-18.4,-10.4,+4.3)
    [trace] t= 43.2s idx=1 pos=(-21.8,-10.7,+4.3)
    [trace] t= 43.7s idx=1 pos=(-25.7,-9.7,+4.2)
    [trace] t= 44.2s idx=1 pos=(-30.0,-7.5,+4.0)
    [trace] t= 44.7s idx=1 pos=(-33.1,-5.0,+3.9)
    [trace] t= 45.2s idx=1 pos=(-35.2,-2.5,+4.0)
    [trace] t= 45.7s idx=1 pos=(-36.1,-0.5,+4.1)
    [trace] t= 46.2s idx=1 pos=(-35.8,+1.0,+4.1)
    [trace] t= 46.7s idx=1 pos=(-34.7,+1.4,+4.0)
    [trace] t= 47.2s idx=1 pos=(-33.2,+0.7,+4.1)
    [trace] t= 47.7s idx=1 pos=(-31.9,-1.2,+4.0)
    [trace] t= 48.2s idx=1 pos=(-31.0,-3.6,+4.0)
    [trace] t= 48.7s idx=1 pos=(-30.9,-6.3,+4.0)
    [trace] t= 49.2s idx=1 pos=(-32.1,-8.8,+4.1)
    [trace] t= 49.7s idx=1 pos=(-34.6,-10.7,+4.1)
    [trace] t= 50.2s idx=1 pos=(-37.9,-11.8,+4.0)
    [trace] t= 50.7s idx=1 pos=(-41.3,-11.8,+4.0)
    [trace] t= 51.3s idx=1 pos=(-44.0,-10.5,+4.1)
    [trace] t= 51.8s idx=1 pos=(-45.7,-8.0,+4.1)
    [trace] t= 52.3s idx=1 pos=(-46.0,-4.7,+4.1)
    [trace] t= 52.8s idx=1 pos=(-45.0,-1.4,+4.0)
    [trace] t= 53.3s idx=1 pos=(-43.1,+1.7,+4.0)
    [trace] t= 53.8s idx=1 pos=(-40.8,+4.1,+3.9)
    [trace] t= 54.3s idx=1 pos=(-38.5,+5.8,+4.0)
    [trace] t= 54.8s idx=1 pos=(-36.5,+6.4,+4.1)
    [trace] t= 55.3s idx=1 pos=(-35.1,+5.5,+4.2)
    [trace] t= 55.8s idx=1 pos=(-34.7,+3.0,+4.2)
    [trace] t= 56.3s idx=1 pos=(-35.8,-0.5,+4.2)
    [trace] t= 56.8s idx=1 pos=(-38.4,-4.3,+4.2)
    [trace] t= 57.3s idx=1 pos=(-42.0,-7.9,+4.0)
    [trace] t= 57.8s idx=1 pos=(-45.8,-11.0,+3.9)
    [trace] t= 58.3s idx=1 pos=(-49.1,-13.3,+3.9)
    [trace] t= 58.8s idx=1 pos=(-51.4,-14.5,+4.1)
    [trace] t= 59.3s idx=1 pos=(-52.1,-14.1,+4.4)
    [trace] t= 59.8s idx=1 pos=(-50.5,-11.4,+4.6)
    [trace] t= 60.3s idx=1 pos=(-46.9,-6.9,+4.5)
    [trace] t= 60.8s idx=1 pos=(-42.5,-1.9,+4.1)
    [trace] t= 61.3s idx=1 pos=(-38.1,+2.7,+3.9)
    [trace] t= 61.8s idx=1 pos=(-34.1,+6.7,+3.8)
    [trace] t= 62.3s idx=1 pos=(-30.6,+9.8,+3.9)
    [trace] t= 62.8s idx=1 pos=(-27.4,+11.8,+4.0)
    [trace] t= 63.3s idx=1 pos=(-25.1,+12.5,+4.1)
    [trace] t= 63.8s idx=1 pos=(-23.5,+11.2,+4.3)
    [trace] t= 64.3s idx=1 pos=(-23.3,+8.3,+4.3)
    [trace] t= 64.8s idx=1 pos=(-24.8,+4.2,+4.3)
    [trace] t= 65.3s idx=1 pos=(-28.0,-0.5,+4.2)
    [trace] t= 65.8s idx=1 pos=(-31.9,-4.7,+4.0)
    [trace] t= 66.3s idx=1 pos=(-35.9,-8.4,+3.9)
    [trace] t= 66.8s idx=1 pos=(-39.2,-11.1,+3.9)
    [trace] t= 67.3s idx=1 pos=(-41.6,-12.8,+4.1)
    [trace] t= 67.8s idx=1 pos=(-42.9,-13.1,+4.3)
    [trace] t= 68.3s idx=1 pos=(-42.8,-11.4,+4.4)
    [trace] t= 68.8s idx=1 pos=(-41.6,-8.0,+4.3)
    [trace] t= 69.3s idx=1 pos=(-39.7,-3.8,+4.1)
    [trace] t= 69.8s idx=1 pos=(-37.8,+0.2,+3.9)

STALLED: no progress for 60s; reached gate 1 of 6.
