Waiting for heartbeat...
Connected to system: 1
Setting up MAVLink rx...
Setting up Timesync loop...
[setup] vision/color detector disabled (config.ENABLE_VISION=False)
[pilot] waypoint-yaw-steer init; waiting for armed + track data
resetting sim for a clean start...
[pilot] no live track data — using known Round-1 gates
[pilot] TARGET gate 1/5
[pilot] FLY-AWAY GUARD: far from gate 1 (pos=(-475.2, -750.5, 1844.3)); arresting to hover
    [trace] t=  0.0s idx=1 pos=(-475.3,-750.5,+1844.9)
  gate idx -> 1  t=  0.0s  pos=(-475.3, -750.5, 1844.9)
    [trace] t=  0.5s idx=1 pos=(-477.8,-750.3,+1856.5)
    [trace] t=  1.0s idx=1 pos=(-480.5,-750.8,+1871.4)
    [trace] t=  1.5s idx=1 pos=(-482.7,-751.5,+1885.4)
    [trace] t=  2.0s idx=1 pos=(-484.8,-752.3,+1901.0)
    [trace] t=  2.5s idx=1 pos=(-486.4,-753.2,+1915.0)
    [trace] t=  3.0s idx=1 pos=(-487.8,-754.2,+1930.6)
    [trace] t=  3.5s idx=1 pos=(-488.8,-755.1,+1945.8)
    [trace] t=  4.0s idx=1 pos=(-489.6,-756.1,+1960.4)
    [trace] t=  4.5s idx=1 pos=(-490.2,-757.0,+1974.6)
    [trace] t=  5.0s idx=1 pos=(-490.6,-758.0,+1990.3)
    [trace] t=  5.5s idx=1 pos=(-490.8,-759.0,+2005.6)
    [trace] t=  6.0s idx=1 pos=(-491.0,-759.9,+2020.3)
    [trace] t=  6.5s idx=1 pos=(-491.0,-760.9,+2036.1)
    [trace] t=  7.0s idx=1 pos=(-490.9,-761.9,+2050.3)
    [trace] t=  7.5s idx=1 pos=(-490.8,-762.9,+2066.3)
    [trace] t=  8.0s idx=1 pos=(-490.7,-763.8,+2080.6)
    [trace] t=  8.5s idx=1 pos=(-490.5,-764.9,+2096.4)
    [trace] t=  9.0s idx=1 pos=(-490.3,-765.8,+2110.6)
    [trace] t=  9.5s idx=1 pos=(-490.0,-766.8,+2126.4)
    [trace] t= 10.1s idx=1 pos=(-489.8,-767.8,+2141.8)
    [trace] t= 10.6s idx=1 pos=(-489.5,-768.8,+2156.5)
    [trace] t= 11.1s idx=1 pos=(-489.3,-769.7,+2170.7)
    [trace] t= 11.6s idx=1 pos=(-489.0,-770.8,+2187.1)
    [trace] t= 12.1s idx=1 pos=(-488.8,-771.8,+2201.5)
    [trace] t= 12.6s idx=1 pos=(-488.5,-772.8,+2217.6)
    [trace] t= 13.1s idx=1 pos=(-488.2,-773.8,+2231.5)
    [trace] t= 13.6s idx=1 pos=(-487.9,-774.8,+2247.6)
    [trace] t= 14.1s idx=1 pos=(-487.7,-775.8,+2261.5)
    [trace] t= 14.6s idx=1 pos=(-487.4,-776.8,+2277.5)
    [trace] t= 15.1s idx=1 pos=(-487.1,-777.8,+2291.7)
    [trace] t= 15.6s idx=1 pos=(-486.8,-778.8,+2307.5)
    [trace] t= 16.1s idx=1 pos=(-486.6,-779.8,+2321.7)
    [trace] t= 16.6s idx=1 pos=(-486.3,-780.9,+2337.5)
    [trace] t= 17.1s idx=1 pos=(-486.0,-781.9,+2352.7)
    [trace] t= 17.6s idx=1 pos=(-485.8,-782.9,+2367.4)
    [trace] t= 18.1s idx=1 pos=(-485.5,-783.9,+2382.6)
    [trace] t= 18.6s idx=1 pos=(-485.3,-784.9,+2397.3)
    [trace] t= 19.1s idx=1 pos=(-485.0,-786.0,+2412.6)
    [trace] t= 19.6s idx=1 pos=(-484.7,-787.0,+2427.5)
    [trace] t= 20.1s idx=1 pos=(-484.5,-788.0,+2442.2)
    [trace] t= 20.6s idx=1 pos=(-484.2,-789.1,+2458.1)
    [trace] t= 21.1s idx=1 pos=(-484.0,-790.0,+2472.1)
    [trace] t= 21.6s idx=1 pos=(-483.7,-791.1,+2488.0)
    [trace] t= 22.1s idx=1 pos=(-483.5,-792.1,+2502.1)
    [trace] t= 22.6s idx=1 pos=(-483.2,-793.2,+2517.7)
    [trace] t= 23.1s idx=1 pos=(-482.9,-794.2,+2532.8)
    [trace] t= 23.6s idx=1 pos=(-482.7,-795.2,+2546.9)
    [trace] t= 24.1s idx=1 pos=(-482.4,-796.3,+2562.6)
    [trace] t= 24.6s idx=1 pos=(-482.2,-797.3,+2576.7)
    [trace] t= 25.1s idx=1 pos=(-482.0,-798.4,+2592.4)
    [trace] t= 25.6s idx=1 pos=(-481.7,-799.4,+2607.3)
    [trace] t= 26.1s idx=1 pos=(-481.5,-800.5,+2622.2)
    [trace] t= 26.6s idx=1 pos=(-481.2,-801.6,+2637.9)
    [trace] t= 27.1s idx=1 pos=(-481.0,-802.6,+2652.8)
    [trace] t= 27.6s idx=1 pos=(-480.8,-803.6,+2667.1)
    [trace] t= 28.1s idx=1 pos=(-480.5,-804.7,+2682.0)
    [trace] t= 28.6s idx=1 pos=(-480.3,-805.7,+2696.6)
    [trace] t= 29.1s idx=1 pos=(-480.1,-806.8,+2711.7)
    [trace] t= 29.6s idx=1 pos=(-479.8,-807.9,+2727.4)
    [trace] t= 30.2s idx=1 pos=(-479.6,-809.0,+2742.2)
    [trace] t= 30.7s idx=1 pos=(-479.4,-810.0,+2756.9)
    [trace] t= 31.2s idx=1 pos=(-479.1,-811.1,+2771.8)
    [trace] t= 31.7s idx=1 pos=(-478.9,-812.2,+2786.8)
    [trace] t= 32.2s idx=1 pos=(-478.7,-813.3,+2802.4)
    [trace] t= 32.7s idx=1 pos=(-478.4,-814.3,+2817.3)
    [trace] t= 33.2s idx=1 pos=(-478.2,-815.4,+2832.1)
    [trace] t= 33.7s idx=1 pos=(-478.0,-816.5,+2847.0)
    [trace] t= 34.2s idx=1 pos=(-477.8,-817.6,+2861.8)
    [trace] t= 34.7s idx=1 pos=(-477.6,-818.6,+2876.6)
    [trace] t= 35.2s idx=1 pos=(-477.3,-819.7,+2891.4)
    [trace] t= 35.7s idx=1 pos=(-477.1,-820.8,+2906.3)
    [trace] t= 36.2s idx=1 pos=(-476.9,-821.9,+2921.1)
    [trace] t= 36.7s idx=1 pos=(-476.7,-823.0,+2936.1)
    [trace] t= 37.2s idx=1 pos=(-476.5,-824.1,+2950.8)
    [trace] t= 37.7s idx=1 pos=(-476.3,-825.1,+2965.5)
    [trace] t= 38.2s idx=1 pos=(-476.1,-826.2,+2980.5)
    [trace] t= 38.7s idx=1 pos=(-475.9,-827.3,+2995.3)
    [trace] t= 39.2s idx=1 pos=(-475.7,-828.4,+3010.1)
    [trace] t= 39.7s idx=1 pos=(-475.4,-829.5,+3024.9)
    [trace] t= 40.2s idx=1 pos=(-475.2,-830.7,+3040.5)
    [trace] t= 40.7s idx=1 pos=(-475.0,-831.7,+3054.5)
    [trace] t= 41.2s idx=1 pos=(-474.8,-832.8,+3069.2)
    [trace] t= 41.7s idx=1 pos=(-474.6,-834.0,+3084.8)
    [trace] t= 42.2s idx=1 pos=(-474.4,-835.1,+3099.5)
    [trace] t= 42.7s idx=1 pos=(-474.2,-836.2,+3114.3)
    [trace] t= 43.2s idx=1 pos=(-474.0,-837.3,+3129.1)
    [trace] t= 43.7s idx=1 pos=(-473.8,-838.4,+3143.8)
    [trace] t= 44.2s idx=1 pos=(-473.7,-839.5,+3158.6)
    [trace] t= 44.7s idx=1 pos=(-473.5,-840.6,+3173.3)
    [trace] t= 45.2s idx=1 pos=(-473.3,-841.7,+3188.1)
    [trace] t= 45.7s idx=1 pos=(-473.1,-842.9,+3202.8)
    [trace] t= 46.2s idx=1 pos=(-472.9,-844.0,+3217.6)
    [trace] t= 46.7s idx=1 pos=(-472.7,-845.1,+3232.5)
    [trace] t= 47.2s idx=1 pos=(-472.5,-846.3,+3247.5)
    [trace] t= 47.7s idx=1 pos=(-472.3,-847.4,+3262.0)
    [trace] t= 48.2s idx=1 pos=(-472.2,-848.5,+3277.5)
    [trace] t= 48.7s idx=1 pos=(-472.0,-849.7,+3292.2)
    [trace] t= 49.2s idx=1 pos=(-471.8,-850.8,+3306.9)
    [trace] t= 49.7s idx=1 pos=(-471.6,-851.9,+3321.6)
    [trace] t= 50.2s idx=1 pos=(-471.4,-853.0,+3335.8)
    [trace] t= 50.7s idx=1 pos=(-471.3,-854.2,+3351.0)
    [trace] t= 51.2s idx=1 pos=(-471.1,-855.3,+3365.7)
    [trace] t= 51.7s idx=1 pos=(-470.9,-856.5,+3380.4)
    [trace] t= 52.3s idx=1 pos=(-470.7,-857.6,+3395.1)
    [trace] t= 52.8s idx=1 pos=(-470.6,-858.8,+3409.8)
    [trace] t= 53.3s idx=1 pos=(-470.4,-859.9,+3424.5)
    [trace] t= 53.8s idx=1 pos=(-470.2,-861.0,+3439.2)
    [trace] t= 54.3s idx=1 pos=(-470.1,-862.2,+3453.9)
    [trace] t= 54.8s idx=1 pos=(-469.9,-863.4,+3468.8)
    [trace] t= 55.3s idx=1 pos=(-469.7,-864.5,+3483.4)
    [trace] t= 55.8s idx=1 pos=(-469.6,-865.7,+3498.1)
    [trace] t= 56.3s idx=1 pos=(-469.4,-866.9,+3513.5)
    [trace] t= 56.8s idx=1 pos=(-469.3,-868.0,+3528.2)
    [trace] t= 57.3s idx=1 pos=(-469.1,-869.2,+3542.9)
    [trace] t= 57.8s idx=1 pos=(-468.9,-870.3,+3557.5)
    [trace] t= 58.3s idx=1 pos=(-468.8,-871.5,+3572.2)
    [trace] t= 58.8s idx=1 pos=(-468.6,-872.7,+3586.8)
    [trace] t= 59.3s idx=1 pos=(-468.5,-873.8,+3601.4)
    [trace] t= 59.8s idx=1 pos=(-468.3,-875.0,+3616.3)

STALLED: no progress for 60s; reached gate 1 of 6.
