Waiting for heartbeat...
Connected to system: 1
Setting up MAVLink rx...
Setting up Timesync loop...
[setup] vision/color detector disabled (config.ENABLE_VISION=False)
[pilot] waypoint-yaw-steer init; waiting for armed + track data
resetting sim for a clean start...
[pilot] no live track data — using known Round-1 gates
[pilot] TARGET gate 0/5
    [trace] t=  0.0s idx=0 pos=(-0.0,+0.0,+0.0)
  gate idx -> 0  t=  0.0s  pos=(-0.0, 0.0, 0.0)
    [trace] t=  0.5s idx=0 pos=(-0.7,-0.0,-0.8)
    [trace] t=  1.0s idx=0 pos=(-2.2,-0.0,-1.3)
    [trace] t=  1.5s idx=0 pos=(-4.2,-0.0,-1.2)
    [trace] t=  2.0s idx=0 pos=(-6.1,-0.1,-1.1)
    [trace] t=  2.5s idx=0 pos=(-7.7,-0.2,-1.1)
    [trace] t=  3.0s idx=0 pos=(-8.4,-0.3,-1.1)
    [trace] t=  3.5s idx=0 pos=(-8.2,-0.5,-1.1)
    [trace] t=  4.0s idx=0 pos=(-7.3,-0.6,-1.1)
    [trace] t=  4.5s idx=0 pos=(-5.7,-0.6,-1.2)
    [trace] t=  5.0s idx=0 pos=(-4.3,-0.5,-1.2)
    [trace] t=  5.5s idx=0 pos=(-3.1,-0.2,-1.2)
    [trace] t=  6.0s idx=0 pos=(-2.5,+0.0,-1.1)
    [trace] t=  6.5s idx=0 pos=(-2.9,+0.3,-1.1)
    [trace] t=  7.0s idx=0 pos=(-4.3,+0.5,-1.1)
    [trace] t=  7.5s idx=0 pos=(-6.2,+0.4,-1.1)
    [trace] t=  8.0s idx=0 pos=(-8.0,+0.2,-1.2)
    [trace] t=  8.5s idx=0 pos=(-9.7,-0.1,-1.2)
    [trace] t=  9.0s idx=0 pos=(-10.4,-0.6,-1.1)
    [trace] t=  9.5s idx=0 pos=(-10.2,-1.0,-1.1)
    [trace] t= 10.0s idx=0 pos=(-9.2,-1.2,-1.1)
    [trace] t= 10.5s idx=0 pos=(-7.8,-1.2,-1.1)
    [trace] t= 11.1s idx=0 pos=(-6.2,-0.8,-1.2)
    [trace] t= 11.6s idx=0 pos=(-5.0,-0.3,-1.2)
    [trace] t= 12.1s idx=0 pos=(-4.5,+0.4,-1.1)
    [trace] t= 12.6s idx=0 pos=(-4.8,+0.8,-1.1)
    [trace] t= 13.1s idx=0 pos=(-6.2,+1.1,-1.1)
    [trace] t= 13.6s idx=0 pos=(-8.1,+0.9,-1.1)
    [trace] t= 14.1s idx=0 pos=(-10.2,+0.4,-1.2)
    [trace] t= 14.6s idx=0 pos=(-11.6,-0.4,-1.1)
    [trace] t= 15.1s idx=0 pos=(-12.4,-1.2,-1.1)
    [trace] t= 15.6s idx=0 pos=(-12.2,-1.8,-1.1)
    [trace] t= 16.1s idx=0 pos=(-11.1,-2.0,-1.1)
    [trace] t= 16.6s idx=0 pos=(-9.6,-1.7,-1.1)
    [trace] t= 17.1s idx=0 pos=(-8.0,-0.9,-1.2)
    [trace] t= 17.6s idx=0 pos=(-6.8,+0.1,-1.2)
    [trace] t= 18.1s idx=0 pos=(-6.3,+1.0,-1.1)
    [trace] t= 18.6s idx=0 pos=(-6.7,+1.6,-1.1)
    [trace] t= 19.1s idx=0 pos=(-8.1,+1.6,-1.1)
    [trace] t= 19.6s idx=0 pos=(-10.0,+1.1,-1.1)
    [trace] t= 20.1s idx=0 pos=(-12.1,+0.0,-1.2)
    [trace] t= 20.6s idx=0 pos=(-13.5,-1.1,-1.2)
    [trace] t= 21.1s idx=0 pos=(-14.2,-2.1,-1.1)
    [trace] t= 21.6s idx=0 pos=(-13.9,-2.6,-1.0)
    [trace] t= 22.1s idx=0 pos=(-12.7,-2.5,-1.1)
    [trace] t= 22.6s idx=0 pos=(-11.2,-1.7,-1.1)
    [trace] t= 23.1s idx=0 pos=(-9.5,-0.4,-1.2)
    [trace] t= 23.6s idx=0 pos=(-8.2,+1.0,-1.2)
    [trace] t= 24.1s idx=0 pos=(-7.7,+2.0,-1.1)
    [trace] t= 24.6s idx=0 pos=(-8.1,+2.5,-1.0)
    [trace] t= 25.1s idx=0 pos=(-9.6,+2.2,-1.0)
    [trace] t= 25.6s idx=0 pos=(-12.1,+1.0,-1.0)
    [trace] t= 26.1s idx=0 pos=(-14.8,-0.5,-1.1)
    [trace] t= 26.6s idx=0 pos=(-17.4,-2.3,-1.2)
    [trace] t= 27.1s idx=0 pos=(-19.0,-3.6,-1.1)
    [trace] t= 27.6s idx=0 pos=(-19.4,-4.4,-0.9)
    [trace] t= 28.1s idx=0 pos=(-18.4,-4.1,-0.9)
    [trace] t= 28.6s idx=0 pos=(-16.5,-2.7,-1.0)
    [trace] t= 29.1s idx=0 pos=(-14.5,-0.6,-1.1)
    [trace] t= 29.6s idx=0 pos=(-12.4,+1.9,-1.2)
    [trace] t= 30.1s idx=0 pos=(-10.9,+3.9,-1.2)
    [trace] t= 30.6s idx=0 pos=(-9.9,+5.8,-1.1)
    [trace] t= 31.1s idx=0 pos=(-10.2,+6.7,-1.0)
    [trace] t= 31.6s idx=0 pos=(-11.8,+6.5,-0.9)
    [trace] t= 32.2s idx=0 pos=(-14.8,+4.7,-0.9)
    [trace] t= 32.7s idx=0 pos=(-17.8,+2.3,-1.1)
    [trace] t= 33.2s idx=0 pos=(-20.8,-0.7,-1.2)
    [trace] t= 33.7s idx=0 pos=(-22.8,-3.2,-1.2)
    [trace] t= 34.2s idx=0 pos=(-23.6,-5.5,-1.0)
    [trace] t= 34.7s idx=0 pos=(-22.7,-6.9,-0.9)
    [trace] t= 35.2s idx=0 pos=(-20.3,-7.1,-0.9)
    [trace] t= 35.7s idx=0 pos=(-17.4,-6.0,-1.0)
    [trace] t= 36.2s idx=0 pos=(-14.7,-3.9,-1.0)
    [trace] t= 36.7s idx=0 pos=(-12.0,-0.9,-1.1)
    [trace] t= 37.2s idx=0 pos=(-10.1,+1.9,-1.2)
    [trace] t= 37.7s idx=0 pos=(-8.9,+4.7,-1.1)
    [trace] t= 38.2s idx=0 pos=(-8.8,+6.9,-1.0)
    [trace] t= 38.7s idx=0 pos=(-10.2,+8.1,-0.9)
    [trace] t= 39.2s idx=0 pos=(-13.0,+8.2,-0.9)
    [trace] t= 39.7s idx=0 pos=(-16.1,+6.9,-1.0)
    [trace] t= 40.2s idx=0 pos=(-19.2,+4.4,-1.1)
    [trace] t= 40.7s idx=0 pos=(-21.3,+1.8,-1.1)
    [trace] t= 41.2s idx=0 pos=(-22.4,-1.1,-1.1)
    [trace] t= 41.7s idx=0 pos=(-22.0,-3.2,-1.0)
    [trace] t= 42.2s idx=0 pos=(-20.1,-4.9,-1.0)
    [trace] t= 42.7s idx=0 pos=(-17.7,-5.4,-1.1)
    [trace] t= 43.2s idx=0 pos=(-14.7,-4.8,-1.1)
    [trace] t= 43.7s idx=0 pos=(-12.1,-3.1,-1.1)
    [trace] t= 44.2s idx=0 pos=(-10.2,-1.0,-1.1)
    [trace] t= 44.7s idx=0 pos=(-8.9,+1.4,-1.1)
    [trace] t= 45.2s idx=0 pos=(-8.7,+3.4,-1.1)
    [trace] t= 45.7s idx=0 pos=(-9.9,+4.9,-1.0)
    [trace] t= 46.2s idx=0 pos=(-12.1,+5.3,-1.0)
    [trace] t= 46.7s idx=0 pos=(-15.4,+4.6,-1.0)
    [trace] t= 47.2s idx=0 pos=(-18.2,+2.9,-1.1)
    [trace] t= 47.7s idx=0 pos=(-20.6,+0.5,-1.1)
    [trace] t= 48.2s idx=0 pos=(-21.7,-1.7,-1.1)
    [trace] t= 48.7s idx=0 pos=(-21.4,-3.8,-1.0)
    [trace] t= 49.2s idx=0 pos=(-19.8,-5.1,-1.0)
    [trace] t= 49.7s idx=0 pos=(-17.3,-5.5,-1.1)
    [trace] t= 50.2s idx=0 pos=(-14.5,-4.8,-1.1)
    [trace] t= 50.7s idx=0 pos=(-12.0,-3.2,-1.1)
    [trace] t= 51.2s idx=0 pos=(-10.1,-1.1,-1.1)
    [trace] t= 51.7s idx=0 pos=(-9.0,+0.9,-1.1)
    [trace] t= 52.2s idx=0 pos=(-8.8,+2.8,-1.1)
    [trace] t= 52.7s idx=0 pos=(-10.0,+4.0,-1.0)
    [trace] t= 53.3s idx=0 pos=(-12.4,+4.1,-1.0)
    [trace] t= 53.8s idx=0 pos=(-15.6,+3.0,-1.0)
    [trace] t= 54.3s idx=0 pos=(-18.5,+1.1,-1.1)
    [trace] t= 54.8s idx=0 pos=(-20.9,-1.3,-1.2)
    [trace] t= 55.3s idx=0 pos=(-22.1,-3.3,-1.1)
    [trace] t= 55.8s idx=0 pos=(-21.8,-5.2,-0.9)
    [trace] t= 56.3s idx=0 pos=(-20.1,-6.1,-1.0)
    [trace] t= 56.8s idx=0 pos=(-17.4,-6.0,-1.0)
    [trace] t= 57.3s idx=0 pos=(-14.6,-4.6,-1.1)
    [trace] t= 57.8s idx=0 pos=(-12.3,-2.6,-1.1)
    [trace] t= 58.3s idx=0 pos=(-10.2,+0.1,-1.2)
    [trace] t= 58.8s idx=0 pos=(-8.9,+2.6,-1.1)
    [trace] t= 59.3s idx=0 pos=(-8.7,+4.6,-1.1)
    [trace] t= 59.8s idx=0 pos=(-9.9,+5.9,-1.0)

STALLED: no progress for 60s; reached gate 0 of 6.
